CMake Deprecation Warning at CMakeLists.txt:1 (cmake_minimum_required):
  Compatibility with CMake < 3.10 will be removed from a future version of
  CMake.

  Update the VERSION argument <min> value.  Or, use the <min>...<max> syntax
  to tell CMake that the project requires at least <min> but has been updated
  to work with policies introduced by <max> or earlier.


-- The C compiler identification is GNU 11.4.0
-- The CXX compiler identification is GNU 11.4.0
-- Detecting C compiler ABI info
-- Detecting C compiler ABI info - done
-- Check for working C compiler: /usr/bin/cc - skipped
-- Detecting C compile features
-- Detecting C compile features - done
-- Detecting CXX compiler ABI info
-- Detecting CXX compiler ABI info - done
-- Check for working CXX compiler: /usr/bin/c++ - skipped
-- Detecting CXX compile features
-- Detecting CXX compile features - done
-- Found ament_cmake: 1.3.14 (/opt/ros/humble/share/ament_cmake/cmake)
-- Found Python3: /usr/bin/python3 (found version "3.10.12") found components: Interpreter
-- Override CMake install command with custom implementation using symlinks instead of copying resources
-- Found geometry_msgs: 4.9.1 (/opt/ros/humble/share/geometry_msgs/cmake)
-- Found rosidl_generator_c: 3.1.8 (/opt/ros/humble/share/rosidl_generator_c/cmake)
-- Found rosidl_adapter: 3.1.8 (/opt/ros/humble/share/rosidl_adapter/cmake)
-- Found rosidl_generator_cpp: 3.1.8 (/opt/ros/humble/share/rosidl_generator_cpp/cmake)
-- Using all available rosidl_typesupport_c: rosidl_typesupport_fastrtps_c;rosidl_typesupport_introspection_c
-- Using all available rosidl_typesupport_cpp: rosidl_typesupport_fastrtps_cpp;rosidl_typesupport_introspection_cpp
-- Found rosidl_default_generators: 1.2.1 (/opt/ros/humble/share/rosidl_default_generators/cmake)
-- Found rosidl_generator_dds_idl: 0.8.1 (/opt/ros/humble/share/rosidl_generator_dds_idl/cmake)
-- Found ament_cmake_ros: 0.10.0 (/opt/ros/humble/share/ament_cmake_ros/cmake)
-- Using all available rosidl_typesupport_c: rosidl_typesupport_fastrtps_c;rosidl_typesupport_introspection_c
-- Using all available rosidl_typesupport_cpp: rosidl_typesupport_fastrtps_cpp;rosidl_typesupport_introspection_cpp
CMake Warning (dev) at /opt/ros/humble/share/rosidl_generator_py/cmake/rosidl_generator_py_generate_interfaces.cmake:20 (find_package):
  Policy CMP0148 is not set: The FindPythonInterp and FindPythonLibs modules
  are removed.  Run "cmake --help-policy CMP0148" for policy details.  Use
  the cmake_policy command to set the policy and suppress this warning.

Call Stack (most recent call first):
  /opt/ros/humble/share/ament_cmake_core/cmake/core/ament_execute_extensions.cmake:48 (include)
  /opt/ros/humble/share/rosidl_cmake/cmake/rosidl_generate_interfaces.cmake:286 (ament_execute_extensions)
  CMakeLists.txt:28 (rosidl_generate_interfaces)
This warning is for project developers.  Use -Wno-dev to suppress it.

-- Found PythonInterp: /usr/bin/python3 (found suitable version "3.10.12", minimum required is "3.6")
-- Found python_cmake_module: 0.10.0 (/opt/ros/humble/share/python_cmake_module/cmake)
CMake Warning (dev) at /opt/ros/humble/share/python_cmake_module/cmake/Modules/FindPythonExtra.cmake:52 (find_package):
  Policy CMP0148 is not set: The FindPythonInterp and FindPythonLibs modules
  are removed.  Run "cmake --help-policy CMP0148" for policy details.  Use
  the cmake_policy command to set the policy and suppress this warning.

Call Stack (most recent call first):
  /opt/ros/humble/share/rosidl_generator_py/cmake/rosidl_generator_py_generate_interfaces.cmake:23 (find_package)
  /opt/ros/humble/share/ament_cmake_core/cmake/core/ament_execute_extensions.cmake:48 (include)
  /opt/ros/humble/share/rosidl_cmake/cmake/rosidl_generate_interfaces.cmake:286 (ament_execute_extensions)
  CMakeLists.txt:28 (rosidl_generate_interfaces)
This warning is for project developers.  Use -Wno-dev to suppress it.

CMake Warning (dev) at /opt/ros/humble/share/python_cmake_module/cmake/Modules/FindPythonExtra.cmake:140 (find_package):
  Policy CMP0148 is not set: The FindPythonInterp and FindPythonLibs modules
  are removed.  Run "cmake --help-policy CMP0148" for policy details.  Use
  the cmake_policy command to set the policy and suppress this warning.

Call Stack (most recent call first):
  /opt/ros/humble/share/rosidl_generator_py/cmake/rosidl_generator_py_generate_interfaces.cmake:23 (find_package)
  /opt/ros/humble/share/ament_cmake_core/cmake/core/ament_execute_extensions.cmake:48 (include)
  /opt/ros/humble/share/rosidl_cmake/cmake/rosidl_generate_interfaces.cmake:286 (ament_execute_extensions)
  CMakeLists.txt:28 (rosidl_generate_interfaces)
This warning is for project developers.  Use -Wno-dev to suppress it.

-- Found PythonLibs: /usr/lib/x86_64-linux-gnu/libpython3.10.so (found suitable version "3.10.12", minimum required is "3.5")
-- Using PYTHON_EXECUTABLE: /usr/bin/python3
-- Using PYTHON_INCLUDE_DIRS: /usr/include/python3.10
-- Using PYTHON_LIBRARIES: /usr/lib/x86_64-linux-gnu/libpython3.10.so
-- Found PythonExtra: .so
-- Found ament_lint_auto: 0.12.15 (/opt/ros/humble/share/ament_lint_auto/cmake)
-- Added test 'copyright' to check source files copyright and LICENSE
-- Added test 'lint_cmake' to check CMake code style
-- Added test 'xmllint' to check XML markup files
-- Configuring done (5.0s)
-- Generating done (0.1s)
-- Build files have been written to: /home/ubuntu/Projects/UnitreeGo2/sdk_ws/build/unitree_api
[  1%] Generating C code for ROS interfaces
[  2%] Generating Rust code for ROS interfaces
[  3%] Generating DDS interfaces
[  4%] Generating C++ code for ROS interfaces
[  4%] Built target ament_cmake_python_symlink_unitree_api
[  4%] Built target unitree_api__dds_connext_idl
running egg_info
creating unitree_api.egg-info
writing unitree_api.egg-info/PKG-INFO
writing dependency_links to unitree_api.egg-info/dependency_links.txt
writing top-level names to unitree_api.egg-info/top_level.txt
writing manifest file 'unitree_api.egg-info/SOURCES.txt'
reading manifest file 'unitree_api.egg-info/SOURCES.txt'
writing manifest file 'unitree_api.egg-info/SOURCES.txt'
[  4%] Built target unitree_api__rs
[  4%] Built target ament_cmake_python_build_unitree_api_egg
[  5%] Building C object CMakeFiles/unitree_api__rosidl_generator_c.dir/rosidl_generator_c/unitree_api/msg/detail/request_header__functions.c.o
[  6%] Building C object CMakeFiles/unitree_api__rosidl_generator_c.dir/rosidl_generator_c/unitree_api/msg/detail/request_lease__functions.c.o
[  7%] Building C object CMakeFiles/unitree_api__rosidl_generator_c.dir/rosidl_generator_c/unitree_api/msg/detail/request__functions.c.o
[  8%] Building C object CMakeFiles/unitree_api__rosidl_generator_c.dir/rosidl_generator_c/unitree_api/msg/detail/request_identity__functions.c.o
[ 10%] Building C object CMakeFiles/unitree_api__rosidl_generator_c.dir/rosidl_generator_c/unitree_api/msg/detail/request_policy__functions.c.o
[ 11%] Building C object CMakeFiles/unitree_api__rosidl_generator_c.dir/rosidl_generator_c/unitree_api/msg/detail/response__functions.c.o
[ 12%] Building C object CMakeFiles/unitree_api__rosidl_generator_c.dir/rosidl_generator_c/unitree_api/msg/detail/response_header__functions.c.o
[ 13%] Building C object CMakeFiles/unitree_api__rosidl_generator_c.dir/rosidl_generator_c/unitree_api/msg/detail/response_status__functions.c.o
[ 13%] Built target unitree_api__cpp
[ 15%] Generating C++ type support for eProsima Fast-RTPS
[ 15%] Generating C++ introspection for ROS interfaces
[ 16%] Generating C++ type support dispatch for ROS interfaces
[ 17%] Linking C shared library libunitree_api__rosidl_generator_c.so
[ 17%] Built target unitree_api__rosidl_generator_c
[ 19%] Generating C type support for eProsima Fast-RTPS
[ 20%] Generating C introspection for ROS interfaces
[ 21%] Generating C type support dispatch for ROS interfaces
[ 22%] Building CXX object CMakeFiles/unitree_api__rosidl_typesupport_c.dir/rosidl_typesupport_c/unitree_api/msg/request__type_support.cpp.o
[ 23%] Building CXX object CMakeFiles/unitree_api__rosidl_typesupport_c.dir/rosidl_typesupport_c/unitree_api/msg/request_header__type_support.cpp.o
[ 24%] Building CXX object CMakeFiles/unitree_api__rosidl_typesupport_c.dir/rosidl_typesupport_c/unitree_api/msg/request_identity__type_support.cpp.o
[ 25%] Building CXX object CMakeFiles/unitree_api__rosidl_typesupport_c.dir/rosidl_typesupport_c/unitree_api/msg/request_lease__type_support.cpp.o
[ 26%] Building CXX object CMakeFiles/unitree_api__rosidl_typesupport_cpp.dir/rosidl_typesupport_cpp/unitree_api/msg/request__type_support.cpp.o
[ 28%] Building CXX object CMakeFiles/unitree_api__rosidl_typesupport_c.dir/rosidl_typesupport_c/unitree_api/msg/request_policy__type_support.cpp.o
[ 29%] Building CXX object CMakeFiles/unitree_api__rosidl_typesupport_c.dir/rosidl_typesupport_c/unitree_api/msg/response__type_support.cpp.o
[ 30%] Building CXX object CMakeFiles/unitree_api__rosidl_typesupport_c.dir/rosidl_typesupport_c/unitree_api/msg/response_header__type_support.cpp.o
[ 31%] Building CXX object CMakeFiles/unitree_api__rosidl_typesupport_c.dir/rosidl_typesupport_c/unitree_api/msg/response_status__type_support.cpp.o
[ 32%] Building CXX object CMakeFiles/unitree_api__rosidl_typesupport_cpp.dir/rosidl_typesupport_cpp/unitree_api/msg/request_header__type_support.cpp.o
[ 33%] Building CXX object CMakeFiles/unitree_api__rosidl_typesupport_cpp.dir/rosidl_typesupport_cpp/unitree_api/msg/request_identity__type_support.cpp.o
[ 34%] Linking CXX shared library libunitree_api__rosidl_typesupport_c.so
[ 34%] Built target unitree_api__rosidl_typesupport_c
[ 35%] Building CXX object CMakeFiles/unitree_api__rosidl_typesupport_cpp.dir/rosidl_typesupport_cpp/unitree_api/msg/request_lease__type_support.cpp.o
[ 37%] Building C object CMakeFiles/unitree_api__rosidl_typesupport_introspection_c.dir/rosidl_typesupport_introspection_c/unitree_api/msg/detail/request__type_support.c.o
[ 38%] Building CXX object CMakeFiles/unitree_api__rosidl_typesupport_fastrtps_cpp.dir/rosidl_typesupport_fastrtps_cpp/unitree_api/msg/detail/dds_fastrtps/request__type_support.cpp.o
[ 39%] Building C object CMakeFiles/unitree_api__rosidl_typesupport_introspection_c.dir/rosidl_typesupport_introspection_c/unitree_api/msg/detail/request_header__type_support.c.o
[ 40%] Building CXX object CMakeFiles/unitree_api__rosidl_typesupport_introspection_cpp.dir/rosidl_typesupport_introspection_cpp/unitree_api/msg/detail/request__type_support.cpp.o
[ 42%] Building CXX object CMakeFiles/unitree_api__rosidl_typesupport_fastrtps_c.dir/rosidl_typesupport_fastrtps_c/unitree_api/msg/detail/request__type_support_c.cpp.o
[ 42%] Building C object CMakeFiles/unitree_api__rosidl_typesupport_introspection_c.dir/rosidl_typesupport_introspection_c/unitree_api/msg/detail/request_identity__type_support.c.o
[ 43%] Building C object CMakeFiles/unitree_api__rosidl_typesupport_introspection_c.dir/rosidl_typesupport_introspection_c/unitree_api/msg/detail/request_lease__type_support.c.o
[ 44%] Building C object CMakeFiles/unitree_api__rosidl_typesupport_introspection_c.dir/rosidl_typesupport_introspection_c/unitree_api/msg/detail/request_policy__type_support.c.o
[ 46%] Building C object CMakeFiles/unitree_api__rosidl_typesupport_introspection_c.dir/rosidl_typesupport_introspection_c/unitree_api/msg/detail/response__type_support.c.o
[ 47%] Building CXX object CMakeFiles/unitree_api__rosidl_typesupport_fastrtps_c.dir/rosidl_typesupport_fastrtps_c/unitree_api/msg/detail/request_header__type_support_c.cpp.o
[ 48%] Building CXX object CMakeFiles/unitree_api__rosidl_typesupport_introspection_cpp.dir/rosidl_typesupport_introspection_cpp/unitree_api/msg/detail/request_header__type_support.cpp.o
[ 49%] Building CXX object CMakeFiles/unitree_api__rosidl_typesupport_introspection_cpp.dir/rosidl_typesupport_introspection_cpp/unitree_api/msg/detail/request_identity__type_support.cpp.o
[ 50%] Building C object CMakeFiles/unitree_api__rosidl_typesupport_introspection_c.dir/rosidl_typesupport_introspection_c/unitree_api/msg/detail/response_header__type_support.c.o
[ 51%] Building C object CMakeFiles/unitree_api__rosidl_typesupport_introspection_c.dir/rosidl_typesupport_introspection_c/unitree_api/msg/detail/response_status__type_support.c.o
[ 52%] Building CXX object CMakeFiles/unitree_api__rosidl_typesupport_cpp.dir/rosidl_typesupport_cpp/unitree_api/msg/request_policy__type_support.cpp.o
[ 53%] Linking C shared library libunitree_api__rosidl_typesupport_introspection_c.so
[ 53%] Built target unitree_api__rosidl_typesupport_introspection_c
[ 55%] Building CXX object CMakeFiles/unitree_api__rosidl_typesupport_fastrtps_cpp.dir/rosidl_typesupport_fastrtps_cpp/unitree_api/msg/detail/dds_fastrtps/request_header__type_support.cpp.o
[ 56%] Building CXX object CMakeFiles/unitree_api__rosidl_typesupport_fastrtps_c.dir/rosidl_typesupport_fastrtps_c/unitree_api/msg/detail/request_identity__type_support_c.cpp.o
[ 57%] Building CXX object CMakeFiles/unitree_api__rosidl_typesupport_fastrtps_cpp.dir/rosidl_typesupport_fastrtps_cpp/unitree_api/msg/detail/dds_fastrtps/request_identity__type_support.cpp.o
[ 58%] Building CXX object CMakeFiles/unitree_api__rosidl_typesupport_fastrtps_c.dir/rosidl_typesupport_fastrtps_c/unitree_api/msg/detail/request_lease__type_support_c.cpp.o
[ 59%] Building CXX object CMakeFiles/unitree_api__rosidl_typesupport_cpp.dir/rosidl_typesupport_cpp/unitree_api/msg/response__type_support.cpp.o
[ 60%] Building CXX object CMakeFiles/unitree_api__rosidl_typesupport_cpp.dir/rosidl_typesupport_cpp/unitree_api/msg/response_header__type_support.cpp.o
[ 61%] Building CXX object CMakeFiles/unitree_api__rosidl_typesupport_introspection_cpp.dir/rosidl_typesupport_introspection_cpp/unitree_api/msg/detail/request_lease__type_support.cpp.o
[ 62%] Building CXX object CMakeFiles/unitree_api__rosidl_typesupport_cpp.dir/rosidl_typesupport_cpp/unitree_api/msg/response_status__type_support.cpp.o
[ 64%] Building CXX object CMakeFiles/unitree_api__rosidl_typesupport_fastrtps_cpp.dir/rosidl_typesupport_fastrtps_cpp/unitree_api/msg/detail/dds_fastrtps/request_lease__type_support.cpp.o
[ 65%] Building CXX object CMakeFiles/unitree_api__rosidl_typesupport_introspection_cpp.dir/rosidl_typesupport_introspection_cpp/unitree_api/msg/detail/request_policy__type_support.cpp.o
[ 66%] Building CXX object CMakeFiles/unitree_api__rosidl_typesupport_fastrtps_c.dir/rosidl_typesupport_fastrtps_c/unitree_api/msg/detail/request_policy__type_support_c.cpp.o
[ 67%] Linking CXX shared library libunitree_api__rosidl_typesupport_cpp.so
[ 68%] Building CXX object CMakeFiles/unitree_api__rosidl_typesupport_fastrtps_c.dir/rosidl_typesupport_fastrtps_c/unitree_api/msg/detail/response__type_support_c.cpp.o
[ 69%] Building CXX object CMakeFiles/unitree_api__rosidl_typesupport_fastrtps_cpp.dir/rosidl_typesupport_fastrtps_cpp/unitree_api/msg/detail/dds_fastrtps/request_policy__type_support.cpp.o
[ 69%] Built target unitree_api__rosidl_typesupport_cpp
[ 70%] Building CXX object CMakeFiles/unitree_api__rosidl_typesupport_fastrtps_cpp.dir/rosidl_typesupport_fastrtps_cpp/unitree_api/msg/detail/dds_fastrtps/response__type_support.cpp.o
[ 71%] Building CXX object CMakeFiles/unitree_api__rosidl_typesupport_introspection_cpp.dir/rosidl_typesupport_introspection_cpp/unitree_api/msg/detail/response__type_support.cpp.o
[ 73%] Building CXX object CMakeFiles/unitree_api__rosidl_typesupport_fastrtps_cpp.dir/rosidl_typesupport_fastrtps_cpp/unitree_api/msg/detail/dds_fastrtps/response_header__type_support.cpp.o
[ 74%] Building CXX object CMakeFiles/unitree_api__rosidl_typesupport_fastrtps_cpp.dir/rosidl_typesupport_fastrtps_cpp/unitree_api/msg/detail/dds_fastrtps/response_status__type_support.cpp.o
[ 75%] Building CXX object CMakeFiles/unitree_api__rosidl_typesupport_fastrtps_c.dir/rosidl_typesupport_fastrtps_c/unitree_api/msg/detail/response_header__type_support_c.cpp.o
[ 76%] Building CXX object CMakeFiles/unitree_api__rosidl_typesupport_fastrtps_c.dir/rosidl_typesupport_fastrtps_c/unitree_api/msg/detail/response_status__type_support_c.cpp.o
[ 77%] Building CXX object CMakeFiles/unitree_api__rosidl_typesupport_introspection_cpp.dir/rosidl_typesupport_introspection_cpp/unitree_api/msg/detail/response_header__type_support.cpp.o
[ 78%] Building CXX object CMakeFiles/unitree_api__rosidl_typesupport_introspection_cpp.dir/rosidl_typesupport_introspection_cpp/unitree_api/msg/detail/response_status__type_support.cpp.o
[ 79%] Linking CXX shared library libunitree_api__rosidl_typesupport_introspection_cpp.so
[ 80%] Linking CXX shared library libunitree_api__rosidl_typesupport_fastrtps_cpp.so
[ 82%] Linking CXX shared library libunitree_api__rosidl_typesupport_fastrtps_c.so
[ 82%] Built target unitree_api__rosidl_typesupport_introspection_cpp
[ 82%] Built target unitree_api__rosidl_typesupport_fastrtps_cpp
[ 82%] Built target unitree_api__rosidl_typesupport_fastrtps_c
[ 82%] Built target unitree_api
[ 83%] Generating Python code for ROS interfaces
[ 83%] Built target unitree_api__py
[ 84%] Building C object CMakeFiles/unitree_api__rosidl_generator_py.dir/rosidl_generator_py/unitree_api/msg/_request_s.c.o
[ 86%] Building C object CMakeFiles/unitree_api__rosidl_generator_py.dir/rosidl_generator_py/unitree_api/msg/_request_identity_s.c.o
[ 85%] Building C object CMakeFiles/unitree_api__rosidl_generator_py.dir/rosidl_generator_py/unitree_api/msg/_request_header_s.c.o
[ 87%] Building C object CMakeFiles/unitree_api__rosidl_generator_py.dir/rosidl_generator_py/unitree_api/msg/_request_lease_s.c.o
[ 88%] Building C object CMakeFiles/unitree_api__rosidl_generator_py.dir/rosidl_generator_py/unitree_api/msg/_request_policy_s.c.o
[ 89%] Building C object CMakeFiles/unitree_api__rosidl_generator_py.dir/rosidl_generator_py/unitree_api/msg/_response_header_s.c.o
[ 91%] Building C object CMakeFiles/unitree_api__rosidl_generator_py.dir/rosidl_generator_py/unitree_api/msg/_response_status_s.c.o
[ 92%] Building C object CMakeFiles/unitree_api__rosidl_generator_py.dir/rosidl_generator_py/unitree_api/msg/_response_s.c.o
[ 93%] Linking C shared library rosidl_generator_py/unitree_api/libunitree_api__rosidl_generator_py.so
[ 93%] Built target unitree_api__rosidl_generator_py
[ 94%] Building C object CMakeFiles/unitree_api__rosidl_typesupport_c__pyext.dir/rosidl_generator_py/unitree_api/_unitree_api_s.ep.rosidl_typesupport_c.c.o
[ 95%] Building C object CMakeFiles/unitree_api__rosidl_typesupport_fastrtps_c__pyext.dir/rosidl_generator_py/unitree_api/_unitree_api_s.ep.rosidl_typesupport_fastrtps_c.c.o
[ 96%] Building C object CMakeFiles/unitree_api__rosidl_typesupport_introspection_c__pyext.dir/rosidl_generator_py/unitree_api/_unitree_api_s.ep.rosidl_typesupport_introspection_c.c.o
[ 97%] Linking C shared library rosidl_generator_py/unitree_api/unitree_api_s__rosidl_typesupport_introspection_c.cpython-310-x86_64-linux-gnu.so
[ 98%] Linking C shared library rosidl_generator_py/unitree_api/unitree_api_s__rosidl_typesupport_c.cpython-310-x86_64-linux-gnu.so
[ 98%] Built target unitree_api__rosidl_typesupport_introspection_c__pyext
[100%] Linking C shared library rosidl_generator_py/unitree_api/unitree_api_s__rosidl_typesupport_fastrtps_c.cpython-310-x86_64-linux-gnu.so
[100%] Built target unitree_api__rosidl_typesupport_c__pyext
[100%] Built target unitree_api__rosidl_typesupport_fastrtps_c__pyext
-- Install configuration: ""
-- Execute custom install script
-- Symlinking: /home/ubuntu/Projects/UnitreeGo2/sdk_ws/install/unitree_api/share/ament_index/resource_index/rosidl_interfaces/unitree_api
-- Symlinking: /home/ubuntu/Projects/UnitreeGo2/sdk_ws/install/unitree_api/include/unitree_api/unitree_api/msg/detail/request__functions.h
-- Symlinking: /home/ubuntu/Projects/UnitreeGo2/sdk_ws/install/unitree_api/include/unitree_api/unitree_api/msg/detail/request__struct.h
-- Symlinking: /home/ubuntu/Projects/UnitreeGo2/sdk_ws/install/unitree_api/include/unitree_api/unitree_api/msg/detail/request__type_support.h
-- Symlinking: /home/ubuntu/Projects/UnitreeGo2/sdk_ws/install/unitree_api/include/unitree_api/unitree_api/msg/detail/request_header__functions.h
-- Symlinking: /home/ubuntu/Projects/UnitreeGo2/sdk_ws/install/unitree_api/include/unitree_api/unitree_api/msg/detail/request_header__struct.h
-- Symlinking: /home/ubuntu/Projects/UnitreeGo2/sdk_ws/install/unitree_api/include/unitree_api/unitree_api/msg/detail/request_header__type_support.h
-- Symlinking: /home/ubuntu/Projects/UnitreeGo2/sdk_ws/install/unitree_api/include/unitree_api/unitree_api/msg/detail/request_identity__functions.h
-- Symlinking: /home/ubuntu/Projects/UnitreeGo2/sdk_ws/install/unitree_api/include/unitree_api/unitree_api/msg/detail/request_identity__struct.h
-- Symlinking: /home/ubuntu/Projects/UnitreeGo2/sdk_ws/install/unitree_api/include/unitree_api/unitree_api/msg/detail/request_identity__type_support.h
-- Symlinking: /home/ubuntu/Projects/UnitreeGo2/sdk_ws/install/unitree_api/include/unitree_api/unitree_api/msg/detail/request_lease__functions.h
-- Symlinking: /home/ubuntu/Projects/UnitreeGo2/sdk_ws/install/unitree_api/include/unitree_api/unitree_api/msg/detail/request_lease__struct.h
-- Symlinking: /home/ubuntu/Projects/UnitreeGo2/sdk_ws/install/unitree_api/include/unitree_api/unitree_api/msg/detail/request_lease__type_support.h
-- Symlinking: /home/ubuntu/Projects/UnitreeGo2/sdk_ws/install/unitree_api/include/unitree_api/unitree_api/msg/detail/request_policy__functions.h
-- Symlinking: /home/ubuntu/Projects/UnitreeGo2/sdk_ws/install/unitree_api/include/unitree_api/unitree_api/msg/detail/request_policy__struct.h
-- Symlinking: /home/ubuntu/Projects/UnitreeGo2/sdk_ws/install/unitree_api/include/unitree_api/unitree_api/msg/detail/request_policy__type_support.h
-- Symlinking: /home/ubuntu/Projects/UnitreeGo2/sdk_ws/install/unitree_api/include/unitree_api/unitree_api/msg/detail/response__functions.h
-- Symlinking: /home/ubuntu/Projects/UnitreeGo2/sdk_ws/install/unitree_api/include/unitree_api/unitree_api/msg/detail/response__struct.h
-- Symlinking: /home/ubuntu/Projects/UnitreeGo2/sdk_ws/install/unitree_api/include/unitree_api/unitree_api/msg/detail/response__type_support.h
-- Symlinking: /home/ubuntu/Projects/UnitreeGo2/sdk_ws/install/unitree_api/include/unitree_api/unitree_api/msg/detail/response_header__functions.h
-- Symlinking: /home/ubuntu/Projects/UnitreeGo2/sdk_ws/install/unitree_api/include/unitree_api/unitree_api/msg/detail/response_header__struct.h
-- Symlinking: /home/ubuntu/Projects/UnitreeGo2/sdk_ws/install/unitree_api/include/unitree_api/unitree_api/msg/detail/response_header__type_support.h
-- Symlinking: /home/ubuntu/Projects/UnitreeGo2/sdk_ws/install/unitree_api/include/unitree_api/unitree_api/msg/detail/response_status__functions.h
-- Symlinking: /home/ubuntu/Projects/UnitreeGo2/sdk_ws/install/unitree_api/include/unitree_api/unitree_api/msg/detail/response_status__struct.h
-- Symlinking: /home/ubuntu/Projects/UnitreeGo2/sdk_ws/install/unitree_api/include/unitree_api/unitree_api/msg/detail/response_status__type_support.h
-- Symlinking: /home/ubuntu/Projects/UnitreeGo2/sdk_ws/install/unitree_api/include/unitree_api/unitree_api/msg/request.h
-- Symlinking: /home/ubuntu/Projects/UnitreeGo2/sdk_ws/install/unitree_api/include/unitree_api/unitree_api/msg/request_header.h
-- Symlinking: /home/ubuntu/Projects/UnitreeGo2/sdk_ws/install/unitree_api/include/unitree_api/unitree_api/msg/request_identity.h
-- Symlinking: /home/ubuntu/Projects/UnitreeGo2/sdk_ws/install/unitree_api/include/unitree_api/unitree_api/msg/request_lease.h
-- Symlinking: /home/ubuntu/Projects/UnitreeGo2/sdk_ws/install/unitree_api/include/unitree_api/unitree_api/msg/request_policy.h
-- Symlinking: /home/ubuntu/Projects/UnitreeGo2/sdk_ws/install/unitree_api/include/unitree_api/unitree_api/msg/response.h
-- Symlinking: /home/ubuntu/Projects/UnitreeGo2/sdk_ws/install/unitree_api/include/unitree_api/unitree_api/msg/response_header.h
-- Symlinking: /home/ubuntu/Projects/UnitreeGo2/sdk_ws/install/unitree_api/include/unitree_api/unitree_api/msg/response_status.h
-- Symlinking: /home/ubuntu/Projects/UnitreeGo2/sdk_ws/install/unitree_api/include/unitree_api/unitree_api/msg/rosidl_generator_c__visibility_control.h
-- Symlinking: /home/ubuntu/Projects/UnitreeGo2/sdk_ws/install/unitree_api/share/unitree_api/environment/library_path.sh
-- Symlinking: /home/ubuntu/Projects/UnitreeGo2/sdk_ws/install/unitree_api/share/unitree_api/environment/library_path.dsv
-- Symlinking: /home/ubuntu/Projects/UnitreeGo2/sdk_ws/install/unitree_api/include/unitree_api/unitree_api/msg/detail/request__rosidl_typesupport_fastrtps_c.h
-- Symlinking: /home/ubuntu/Projects/UnitreeGo2/sdk_ws/install/unitree_api/include/unitree_api/unitree_api/msg/detail/request_header__rosidl_typesupport_fastrtps_c.h
-- Symlinking: /home/ubuntu/Projects/UnitreeGo2/sdk_ws/install/unitree_api/include/unitree_api/unitree_api/msg/detail/request_identity__rosidl_typesupport_fastrtps_c.h
-- Symlinking: /home/ubuntu/Projects/UnitreeGo2/sdk_ws/install/unitree_api/include/unitree_api/unitree_api/msg/detail/request_lease__rosidl_typesupport_fastrtps_c.h
-- Symlinking: /home/ubuntu/Projects/UnitreeGo2/sdk_ws/install/unitree_api/include/unitree_api/unitree_api/msg/detail/request_policy__rosidl_typesupport_fastrtps_c.h
-- Symlinking: /home/ubuntu/Projects/UnitreeGo2/sdk_ws/install/unitree_api/include/unitree_api/unitree_api/msg/detail/response__rosidl_typesupport_fastrtps_c.h
-- Symlinking: /home/ubuntu/Projects/UnitreeGo2/sdk_ws/install/unitree_api/include/unitree_api/unitree_api/msg/detail/response_header__rosidl_typesupport_fastrtps_c.h
-- Symlinking: /home/ubuntu/Projects/UnitreeGo2/sdk_ws/install/unitree_api/include/unitree_api/unitree_api/msg/detail/response_status__rosidl_typesupport_fastrtps_c.h
-- Symlinking: /home/ubuntu/Projects/UnitreeGo2/sdk_ws/install/unitree_api/include/unitree_api/unitree_api/msg/rosidl_typesupport_fastrtps_c__visibility_control.h
-- Symlinking: /home/ubuntu/Projects/UnitreeGo2/sdk_ws/install/unitree_api/include/unitree_api/unitree_api/msg/detail/request__builder.hpp
-- Symlinking: /home/ubuntu/Projects/UnitreeGo2/sdk_ws/install/unitree_api/include/unitree_api/unitree_api/msg/detail/request__struct.hpp
-- Symlinking: /home/ubuntu/Projects/UnitreeGo2/sdk_ws/install/unitree_api/include/unitree_api/unitree_api/msg/detail/request__traits.hpp
-- Symlinking: /home/ubuntu/Projects/UnitreeGo2/sdk_ws/install/unitree_api/include/unitree_api/unitree_api/msg/detail/request__type_support.hpp
-- Symlinking: /home/ubuntu/Projects/UnitreeGo2/sdk_ws/install/unitree_api/include/unitree_api/unitree_api/msg/detail/request_header__builder.hpp
-- Symlinking: /home/ubuntu/Projects/UnitreeGo2/sdk_ws/install/unitree_api/include/unitree_api/unitree_api/msg/detail/request_header__struct.hpp
-- Symlinking: /home/ubuntu/Projects/UnitreeGo2/sdk_ws/install/unitree_api/include/unitree_api/unitree_api/msg/detail/request_header__traits.hpp
-- Symlinking: /home/ubuntu/Projects/UnitreeGo2/sdk_ws/install/unitree_api/include/unitree_api/unitree_api/msg/detail/request_header__type_support.hpp
-- Symlinking: /home/ubuntu/Projects/UnitreeGo2/sdk_ws/install/unitree_api/include/unitree_api/unitree_api/msg/detail/request_identity__builder.hpp
-- Symlinking: /home/ubuntu/Projects/UnitreeGo2/sdk_ws/install/unitree_api/include/unitree_api/unitree_api/msg/detail/request_identity__struct.hpp
-- Symlinking: /home/ubuntu/Projects/UnitreeGo2/sdk_ws/install/unitree_api/include/unitree_api/unitree_api/msg/detail/request_identity__traits.hpp
-- Symlinking: /home/ubuntu/Projects/UnitreeGo2/sdk_ws/install/unitree_api/include/unitree_api/unitree_api/msg/detail/request_identity__type_support.hpp
-- Symlinking: /home/ubuntu/Projects/UnitreeGo2/sdk_ws/install/unitree_api/include/unitree_api/unitree_api/msg/detail/request_lease__builder.hpp
-- Symlinking: /home/ubuntu/Projects/UnitreeGo2/sdk_ws/install/unitree_api/include/unitree_api/unitree_api/msg/detail/request_lease__struct.hpp
-- Symlinking: /home/ubuntu/Projects/UnitreeGo2/sdk_ws/install/unitree_api/include/unitree_api/unitree_api/msg/detail/request_lease__traits.hpp
-- Symlinking: /home/ubuntu/Projects/UnitreeGo2/sdk_ws/install/unitree_api/include/unitree_api/unitree_api/msg/detail/request_lease__type_support.hpp
-- Symlinking: /home/ubuntu/Projects/UnitreeGo2/sdk_ws/install/unitree_api/include/unitree_api/unitree_api/msg/detail/request_policy__builder.hpp
-- Symlinking: /home/ubuntu/Projects/UnitreeGo2/sdk_ws/install/unitree_api/include/unitree_api/unitree_api/msg/detail/request_policy__struct.hpp
-- Symlinking: /home/ubuntu/Projects/UnitreeGo2/sdk_ws/install/unitree_api/include/unitree_api/unitree_api/msg/detail/request_policy__traits.hpp
-- Symlinking: /home/ubuntu/Projects/UnitreeGo2/sdk_ws/install/unitree_api/include/unitree_api/unitree_api/msg/detail/request_policy__type_support.hpp
-- Symlinking: /home/ubuntu/Projects/UnitreeGo2/sdk_ws/install/unitree_api/include/unitree_api/unitree_api/msg/detail/response__builder.hpp
-- Symlinking: /home/ubuntu/Projects/UnitreeGo2/sdk_ws/install/unitree_api/include/unitree_api/unitree_api/msg/detail/response__struct.hpp
-- Symlinking: /home/ubuntu/Projects/UnitreeGo2/sdk_ws/install/unitree_api/include/unitree_api/unitree_api/msg/detail/response__traits.hpp
-- Symlinking: /home/ubuntu/Projects/UnitreeGo2/sdk_ws/install/unitree_api/include/unitree_api/unitree_api/msg/detail/response__type_support.hpp
-- Symlinking: /home/ubuntu/Projects/UnitreeGo2/sdk_ws/install/unitree_api/include/unitree_api/unitree_api/msg/detail/response_header__builder.hpp
-- Symlinking: /home/ubuntu/Projects/UnitreeGo2/sdk_ws/install/unitree_api/include/unitree_api/unitree_api/msg/detail/response_header__struct.hpp
-- Symlinking: /home/ubuntu/Projects/UnitreeGo2/sdk_ws/install/unitree_api/include/unitree_api/unitree_api/msg/detail/response_header__traits.hpp
-- Symlinking: /home/ubuntu/Projects/UnitreeGo2/sdk_ws/install/unitree_api/include/unitree_api/unitree_api/msg/detail/response_header__type_support.hpp
-- Symlinking: /home/ubuntu/Projects/UnitreeGo2/sdk_ws/install/unitree_api/include/unitree_api/unitree_api/msg/detail/response_status__builder.hpp
-- Symlinking: /home/ubuntu/Projects/UnitreeGo2/sdk_ws/install/unitree_api/include/unitree_api/unitree_api/msg/detail/response_status__struct.hpp
-- Symlinking: /home/ubuntu/Projects/UnitreeGo2/sdk_ws/install/unitree_api/include/unitree_api/unitree_api/msg/detail/response_status__traits.hpp
-- Symlinking: /home/ubuntu/Projects/UnitreeGo2/sdk_ws/install/unitree_api/include/unitree_api/unitree_api/msg/detail/response_status__type_support.hpp
-- Symlinking: /home/ubuntu/Projects/UnitreeGo2/sdk_ws/install/unitree_api/include/unitree_api/unitree_api/msg/request.hpp
-- Symlinking: /home/ubuntu/Projects/UnitreeGo2/sdk_ws/install/unitree_api/include/unitree_api/unitree_api/msg/request_header.hpp
-- Symlinking: /home/ubuntu/Projects/UnitreeGo2/sdk_ws/install/unitree_api/include/unitree_api/unitree_api/msg/request_identity.hpp
-- Symlinking: /home/ubuntu/Projects/UnitreeGo2/sdk_ws/install/unitree_api/include/unitree_api/unitree_api/msg/request_lease.hpp
-- Symlinking: /home/ubuntu/Projects/UnitreeGo2/sdk_ws/install/unitree_api/include/unitree_api/unitree_api/msg/request_policy.hpp
-- Symlinking: /home/ubuntu/Projects/UnitreeGo2/sdk_ws/install/unitree_api/include/unitree_api/unitree_api/msg/response.hpp
-- Symlinking: /home/ubuntu/Projects/UnitreeGo2/sdk_ws/install/unitree_api/include/unitree_api/unitree_api/msg/response_header.hpp
-- Symlinking: /home/ubuntu/Projects/UnitreeGo2/sdk_ws/install/unitree_api/include/unitree_api/unitree_api/msg/response_status.hpp
-- Symlinking: /home/ubuntu/Projects/UnitreeGo2/sdk_ws/install/unitree_api/include/unitree_api/unitree_api/msg/rosidl_generator_cpp__visibility_control.hpp
-- Symlinking: /home/ubuntu/Projects/UnitreeGo2/sdk_ws/install/unitree_api/include/unitree_api/unitree_api/msg/detail/request__rosidl_typesupport_fastrtps_cpp.hpp
-- Symlinking: /home/ubuntu/Projects/UnitreeGo2/sdk_ws/install/unitree_api/include/unitree_api/unitree_api/msg/detail/request_header__rosidl_typesupport_fastrtps_cpp.hpp
-- Symlinking: /home/ubuntu/Projects/UnitreeGo2/sdk_ws/install/unitree_api/include/unitree_api/unitree_api/msg/detail/request_identity__rosidl_typesupport_fastrtps_cpp.hpp
-- Symlinking: /home/ubuntu/Projects/UnitreeGo2/sdk_ws/install/unitree_api/include/unitree_api/unitree_api/msg/detail/request_lease__rosidl_typesupport_fastrtps_cpp.hpp
-- Symlinking: /home/ubuntu/Projects/UnitreeGo2/sdk_ws/install/unitree_api/include/unitree_api/unitree_api/msg/detail/request_policy__rosidl_typesupport_fastrtps_cpp.hpp
-- Symlinking: /home/ubuntu/Projects/UnitreeGo2/sdk_ws/install/unitree_api/include/unitree_api/unitree_api/msg/detail/response__rosidl_typesupport_fastrtps_cpp.hpp
-- Symlinking: /home/ubuntu/Projects/UnitreeGo2/sdk_ws/install/unitree_api/include/unitree_api/unitree_api/msg/detail/response_header__rosidl_typesupport_fastrtps_cpp.hpp
-- Symlinking: /home/ubuntu/Projects/UnitreeGo2/sdk_ws/install/unitree_api/include/unitree_api/unitree_api/msg/detail/response_status__rosidl_typesupport_fastrtps_cpp.hpp
-- Symlinking: /home/ubuntu/Projects/UnitreeGo2/sdk_ws/install/unitree_api/include/unitree_api/unitree_api/msg/rosidl_typesupport_fastrtps_cpp__visibility_control.h
-- Symlinking: /home/ubuntu/Projects/UnitreeGo2/sdk_ws/install/unitree_api/include/unitree_api/unitree_api/msg/detail/request__rosidl_typesupport_introspection_c.h
-- Symlinking: /home/ubuntu/Projects/UnitreeGo2/sdk_ws/install/unitree_api/include/unitree_api/unitree_api/msg/detail/request_header__rosidl_typesupport_introspection_c.h
-- Symlinking: /home/ubuntu/Projects/UnitreeGo2/sdk_ws/install/unitree_api/include/unitree_api/unitree_api/msg/detail/request_identity__rosidl_typesupport_introspection_c.h
-- Symlinking: /home/ubuntu/Projects/UnitreeGo2/sdk_ws/install/unitree_api/include/unitree_api/unitree_api/msg/detail/request_lease__rosidl_typesupport_introspection_c.h
-- Symlinking: /home/ubuntu/Projects/UnitreeGo2/sdk_ws/install/unitree_api/include/unitree_api/unitree_api/msg/detail/request_policy__rosidl_typesupport_introspection_c.h
-- Symlinking: /home/ubuntu/Projects/UnitreeGo2/sdk_ws/install/unitree_api/include/unitree_api/unitree_api/msg/detail/response__rosidl_typesupport_introspection_c.h
-- Symlinking: /home/ubuntu/Projects/UnitreeGo2/sdk_ws/install/unitree_api/include/unitree_api/unitree_api/msg/detail/response_header__rosidl_typesupport_introspection_c.h
-- Symlinking: /home/ubuntu/Projects/UnitreeGo2/sdk_ws/install/unitree_api/include/unitree_api/unitree_api/msg/detail/response_status__rosidl_typesupport_introspection_c.h
-- Symlinking: /home/ubuntu/Projects/UnitreeGo2/sdk_ws/install/unitree_api/include/unitree_api/unitree_api/msg/rosidl_typesupport_introspection_c__visibility_control.h
-- Symlinking: /home/ubuntu/Projects/UnitreeGo2/sdk_ws/install/unitree_api/include/unitree_api/unitree_api/msg/detail/request__rosidl_typesupport_introspection_cpp.hpp
-- Symlinking: /home/ubuntu/Projects/UnitreeGo2/sdk_ws/install/unitree_api/include/unitree_api/unitree_api/msg/detail/request_header__rosidl_typesupport_introspection_cpp.hpp
-- Symlinking: /home/ubuntu/Projects/UnitreeGo2/sdk_ws/install/unitree_api/include/unitree_api/unitree_api/msg/detail/request_identity__rosidl_typesupport_introspection_cpp.hpp
-- Symlinking: /home/ubuntu/Projects/UnitreeGo2/sdk_ws/install/unitree_api/include/unitree_api/unitree_api/msg/detail/request_lease__rosidl_typesupport_introspection_cpp.hpp
-- Symlinking: /home/ubuntu/Projects/UnitreeGo2/sdk_ws/install/unitree_api/include/unitree_api/unitree_api/msg/detail/request_policy__rosidl_typesupport_introspection_cpp.hpp
-- Symlinking: /home/ubuntu/Projects/UnitreeGo2/sdk_ws/install/unitree_api/include/unitree_api/unitree_api/msg/detail/response__rosidl_typesupport_introspection_cpp.hpp
-- Symlinking: /home/ubuntu/Projects/UnitreeGo2/sdk_ws/install/unitree_api/include/unitree_api/unitree_api/msg/detail/response_header__rosidl_typesupport_introspection_cpp.hpp
-- Symlinking: /home/ubuntu/Projects/UnitreeGo2/sdk_ws/install/unitree_api/include/unitree_api/unitree_api/msg/detail/response_status__rosidl_typesupport_introspection_cpp.hpp
-- Symlinking: /home/ubuntu/Projects/UnitreeGo2/sdk_ws/install/unitree_api/share/unitree_api/environment/pythonpath.sh
-- Symlinking: /home/ubuntu/Projects/UnitreeGo2/sdk_ws/install/unitree_api/share/unitree_api/environment/pythonpath.dsv
-- Symlinking: /home/ubuntu/Projects/UnitreeGo2/sdk_ws/install/unitree_api/local/lib/python3.10/dist-packages/unitree_api-0.0.0-py3.10.egg-info/PKG-INFO
-- Symlinking: /home/ubuntu/Projects/UnitreeGo2/sdk_ws/install/unitree_api/local/lib/python3.10/dist-packages/unitree_api-0.0.0-py3.10.egg-info/SOURCES.txt
-- Symlinking: /home/ubuntu/Projects/UnitreeGo2/sdk_ws/install/unitree_api/local/lib/python3.10/dist-packages/unitree_api-0.0.0-py3.10.egg-info/dependency_links.txt
-- Symlinking: /home/ubuntu/Projects/UnitreeGo2/sdk_ws/install/unitree_api/local/lib/python3.10/dist-packages/unitree_api-0.0.0-py3.10.egg-info/top_level.txt
-- Symlinking: /home/ubuntu/Projects/UnitreeGo2/sdk_ws/install/unitree_api/local/lib/python3.10/dist-packages/unitree_api/__init__.py
-- Symlinking: /home/ubuntu/Projects/UnitreeGo2/sdk_ws/install/unitree_api/local/lib/python3.10/dist-packages/unitree_api/_unitree_api_s.ep.rosidl_typesupport_c.c
-- Symlinking: /home/ubuntu/Projects/UnitreeGo2/sdk_ws/install/unitree_api/local/lib/python3.10/dist-packages/unitree_api/_unitree_api_s.ep.rosidl_typesupport_fastrtps_c.c
-- Symlinking: /home/ubuntu/Projects/UnitreeGo2/sdk_ws/install/unitree_api/local/lib/python3.10/dist-packages/unitree_api/_unitree_api_s.ep.rosidl_typesupport_introspection_c.c
-- Symlinking: /home/ubuntu/Projects/UnitreeGo2/sdk_ws/install/unitree_api/local/lib/python3.10/dist-packages/unitree_api/libunitree_api__rosidl_generator_py.so
-- Symlinking: /home/ubuntu/Projects/UnitreeGo2/sdk_ws/install/unitree_api/local/lib/python3.10/dist-packages/unitree_api/msg/__init__.py
-- Symlinking: /home/ubuntu/Projects/UnitreeGo2/sdk_ws/install/unitree_api/local/lib/python3.10/dist-packages/unitree_api/msg/_request.py
-- Symlinking: /home/ubuntu/Projects/UnitreeGo2/sdk_ws/install/unitree_api/local/lib/python3.10/dist-packages/unitree_api/msg/_request_header.py
-- Symlinking: /home/ubuntu/Projects/UnitreeGo2/sdk_ws/install/unitree_api/local/lib/python3.10/dist-packages/unitree_api/msg/_request_header_s.c
-- Symlinking: /home/ubuntu/Projects/UnitreeGo2/sdk_ws/install/unitree_api/local/lib/python3.10/dist-packages/unitree_api/msg/_request_identity.py
-- Symlinking: /home/ubuntu/Projects/UnitreeGo2/sdk_ws/install/unitree_api/local/lib/python3.10/dist-packages/unitree_api/msg/_request_identity_s.c
-- Symlinking: /home/ubuntu/Projects/UnitreeGo2/sdk_ws/install/unitree_api/local/lib/python3.10/dist-packages/unitree_api/msg/_request_lease.py
-- Symlinking: /home/ubuntu/Projects/UnitreeGo2/sdk_ws/install/unitree_api/local/lib/python3.10/dist-packages/unitree_api/msg/_request_lease_s.c
-- Symlinking: /home/ubuntu/Projects/UnitreeGo2/sdk_ws/install/unitree_api/local/lib/python3.10/dist-packages/unitree_api/msg/_request_policy.py
-- Symlinking: /home/ubuntu/Projects/UnitreeGo2/sdk_ws/install/unitree_api/local/lib/python3.10/dist-packages/unitree_api/msg/_request_policy_s.c
-- Symlinking: /home/ubuntu/Projects/UnitreeGo2/sdk_ws/install/unitree_api/local/lib/python3.10/dist-packages/unitree_api/msg/_request_s.c
-- Symlinking: /home/ubuntu/Projects/UnitreeGo2/sdk_ws/install/unitree_api/local/lib/python3.10/dist-packages/unitree_api/msg/_response.py
-- Symlinking: /home/ubuntu/Projects/UnitreeGo2/sdk_ws/install/unitree_api/local/lib/python3.10/dist-packages/unitree_api/msg/_response_header.py
-- Symlinking: /home/ubuntu/Projects/UnitreeGo2/sdk_ws/install/unitree_api/local/lib/python3.10/dist-packages/unitree_api/msg/_response_header_s.c
-- Symlinking: /home/ubuntu/Projects/UnitreeGo2/sdk_ws/install/unitree_api/local/lib/python3.10/dist-packages/unitree_api/msg/_response_s.c
-- Symlinking: /home/ubuntu/Projects/UnitreeGo2/sdk_ws/install/unitree_api/local/lib/python3.10/dist-packages/unitree_api/msg/_response_status.py
-- Symlinking: /home/ubuntu/Projects/UnitreeGo2/sdk_ws/install/unitree_api/local/lib/python3.10/dist-packages/unitree_api/msg/_response_status_s.c
-- Symlinking: /home/ubuntu/Projects/UnitreeGo2/sdk_ws/install/unitree_api/local/lib/python3.10/dist-packages/unitree_api/unitree_api_s__rosidl_typesupport_c.cpython-310-x86_64-linux-gnu.so
-- Symlinking: /home/ubuntu/Projects/UnitreeGo2/sdk_ws/install/unitree_api/local/lib/python3.10/dist-packages/unitree_api/unitree_api_s__rosidl_typesupport_fastrtps_c.cpython-310-x86_64-linux-gnu.so
-- Symlinking: /home/ubuntu/Projects/UnitreeGo2/sdk_ws/install/unitree_api/local/lib/python3.10/dist-packages/unitree_api/unitree_api_s__rosidl_typesupport_introspection_c.cpython-310-x86_64-linux-gnu.so
-- Up-to-date symlink: /home/ubuntu/Projects/UnitreeGo2/sdk_ws/install/unitree_api/local/lib/python3.10/dist-packages/unitree_api/unitree_api_s__rosidl_typesupport_fastrtps_c.cpython-310-x86_64-linux-gnu.so
-- Up-to-date symlink: /home/ubuntu/Projects/UnitreeGo2/sdk_ws/install/unitree_api/local/lib/python3.10/dist-packages/unitree_api/unitree_api_s__rosidl_typesupport_introspection_c.cpython-310-x86_64-linux-gnu.so
-- Up-to-date symlink: /home/ubuntu/Projects/UnitreeGo2/sdk_ws/install/unitree_api/local/lib/python3.10/dist-packages/unitree_api/unitree_api_s__rosidl_typesupport_c.cpython-310-x86_64-linux-gnu.so
-- Symlinking: /home/ubuntu/Projects/UnitreeGo2/sdk_ws/install/unitree_api/share/ament_index/resource_index/rust_packages/unitree_api
-- Symlinking: /home/ubuntu/Projects/UnitreeGo2/sdk_ws/install/unitree_api/share/unitree_api/rust/Cargo.toml
-- Symlinking: /home/ubuntu/Projects/UnitreeGo2/sdk_ws/install/unitree_api/share/unitree_api/rust/build.rs
-- Symlinking: /home/ubuntu/Projects/UnitreeGo2/sdk_ws/install/unitree_api/share/unitree_api/rust/src/lib.rs
-- Symlinking: /home/ubuntu/Projects/UnitreeGo2/sdk_ws/install/unitree_api/share/unitree_api/rust/src/msg.rs
-- Symlinking: /home/ubuntu/Projects/UnitreeGo2/sdk_ws/install/unitree_api/share/unitree_api/rust/src/msg/rmw.rs
-- Symlinking: /home/ubuntu/Projects/UnitreeGo2/sdk_ws/install/unitree_api/share/unitree_api/msg/Request.idl
-- Symlinking: /home/ubuntu/Projects/UnitreeGo2/sdk_ws/install/unitree_api/share/unitree_api/msg/RequestHeader.idl
-- Symlinking: /home/ubuntu/Projects/UnitreeGo2/sdk_ws/install/unitree_api/share/unitree_api/msg/RequestIdentity.idl
-- Symlinking: /home/ubuntu/Projects/UnitreeGo2/sdk_ws/install/unitree_api/share/unitree_api/msg/RequestLease.idl
-- Symlinking: /home/ubuntu/Projects/UnitreeGo2/sdk_ws/install/unitree_api/share/unitree_api/msg/RequestPolicy.idl
-- Symlinking: /home/ubuntu/Projects/UnitreeGo2/sdk_ws/install/unitree_api/share/unitree_api/msg/Response.idl
-- Symlinking: /home/ubuntu/Projects/UnitreeGo2/sdk_ws/install/unitree_api/share/unitree_api/msg/ResponseHeader.idl
-- Symlinking: /home/ubuntu/Projects/UnitreeGo2/sdk_ws/install/unitree_api/share/unitree_api/msg/ResponseStatus.idl
-- Symlinking: /home/ubuntu/Projects/UnitreeGo2/sdk_ws/install/unitree_api/share/unitree_api/msg/Request.msg
-- Symlinking: /home/ubuntu/Projects/UnitreeGo2/sdk_ws/install/unitree_api/share/unitree_api/msg/RequestHeader.msg
-- Symlinking: /home/ubuntu/Projects/UnitreeGo2/sdk_ws/install/unitree_api/share/unitree_api/msg/RequestIdentity.msg
-- Symlinking: /home/ubuntu/Projects/UnitreeGo2/sdk_ws/install/unitree_api/share/unitree_api/msg/RequestLease.msg
-- Symlinking: /home/ubuntu/Projects/UnitreeGo2/sdk_ws/install/unitree_api/share/unitree_api/msg/RequestPolicy.msg
-- Symlinking: /home/ubuntu/Projects/UnitreeGo2/sdk_ws/install/unitree_api/share/unitree_api/msg/Response.msg
-- Symlinking: /home/ubuntu/Projects/UnitreeGo2/sdk_ws/install/unitree_api/share/unitree_api/msg/ResponseHeader.msg
-- Symlinking: /home/ubuntu/Projects/UnitreeGo2/sdk_ws/install/unitree_api/share/unitree_api/msg/ResponseStatus.msg
-- Symlinking: /home/ubuntu/Projects/UnitreeGo2/sdk_ws/install/unitree_api/share/unitree_api/msg/dds_connext/RequestHeader_.idl
-- Symlinking: /home/ubuntu/Projects/UnitreeGo2/sdk_ws/install/unitree_api/share/unitree_api/msg/dds_connext/RequestIdentity_.idl
-- Symlinking: /home/ubuntu/Projects/UnitreeGo2/sdk_ws/install/unitree_api/share/unitree_api/msg/dds_connext/RequestLease_.idl
-- Symlinking: /home/ubuntu/Projects/UnitreeGo2/sdk_ws/install/unitree_api/share/unitree_api/msg/dds_connext/RequestPolicy_.idl
-- Symlinking: /home/ubuntu/Projects/UnitreeGo2/sdk_ws/install/unitree_api/share/unitree_api/msg/dds_connext/Request_.idl
-- Symlinking: /home/ubuntu/Projects/UnitreeGo2/sdk_ws/install/unitree_api/share/unitree_api/msg/dds_connext/ResponseHeader_.idl
-- Symlinking: /home/ubuntu/Projects/UnitreeGo2/sdk_ws/install/unitree_api/share/unitree_api/msg/dds_connext/ResponseStatus_.idl
-- Symlinking: /home/ubuntu/Projects/UnitreeGo2/sdk_ws/install/unitree_api/share/unitree_api/msg/dds_connext/Response_.idl
-- Symlinking: /home/ubuntu/Projects/UnitreeGo2/sdk_ws/install/unitree_api/share/ament_index/resource_index/package_run_dependencies/unitree_api
-- Symlinking: /home/ubuntu/Projects/UnitreeGo2/sdk_ws/install/unitree_api/share/ament_index/resource_index/parent_prefix_path/unitree_api
-- Symlinking: /home/ubuntu/Projects/UnitreeGo2/sdk_ws/install/unitree_api/share/unitree_api/environment/ament_prefix_path.sh
-- Symlinking: /home/ubuntu/Projects/UnitreeGo2/sdk_ws/install/unitree_api/share/unitree_api/environment/ament_prefix_path.dsv
-- Symlinking: /home/ubuntu/Projects/UnitreeGo2/sdk_ws/install/unitree_api/share/unitree_api/environment/path.sh
-- Symlinking: /home/ubuntu/Projects/UnitreeGo2/sdk_ws/install/unitree_api/share/unitree_api/environment/path.dsv
-- Symlinking: /home/ubuntu/Projects/UnitreeGo2/sdk_ws/install/unitree_api/share/unitree_api/local_setup.bash
-- Symlinking: /home/ubuntu/Projects/UnitreeGo2/sdk_ws/install/unitree_api/share/unitree_api/local_setup.sh
-- Symlinking: /home/ubuntu/Projects/UnitreeGo2/sdk_ws/install/unitree_api/share/unitree_api/local_setup.zsh
-- Symlinking: /home/ubuntu/Projects/UnitreeGo2/sdk_ws/install/unitree_api/share/unitree_api/local_setup.dsv
-- Symlinking: /home/ubuntu/Projects/UnitreeGo2/sdk_ws/install/unitree_api/share/unitree_api/package.dsv
-- Symlinking: /home/ubuntu/Projects/UnitreeGo2/sdk_ws/install/unitree_api/share/ament_index/resource_index/packages/unitree_api
-- Symlinking: /home/ubuntu/Projects/UnitreeGo2/sdk_ws/install/unitree_api/share/unitree_api/cmake/rosidl_cmake-extras.cmake
-- Symlinking: /home/ubuntu/Projects/UnitreeGo2/sdk_ws/install/unitree_api/share/unitree_api/cmake/ament_cmake_export_dependencies-extras.cmake
-- Symlinking: /home/ubuntu/Projects/UnitreeGo2/sdk_ws/install/unitree_api/share/unitree_api/cmake/ament_cmake_export_include_directories-extras.cmake
-- Symlinking: /home/ubuntu/Projects/UnitreeGo2/sdk_ws/install/unitree_api/share/unitree_api/cmake/ament_cmake_export_libraries-extras.cmake
-- Symlinking: /home/ubuntu/Projects/UnitreeGo2/sdk_ws/install/unitree_api/share/unitree_api/cmake/ament_cmake_export_targets-extras.cmake
-- Symlinking: /home/ubuntu/Projects/UnitreeGo2/sdk_ws/install/unitree_api/share/unitree_api/cmake/rosidl_cmake_export_typesupport_targets-extras.cmake
-- Symlinking: /home/ubuntu/Projects/UnitreeGo2/sdk_ws/install/unitree_api/share/unitree_api/cmake/rosidl_cmake_export_typesupport_libraries-extras.cmake
-- Symlinking: /home/ubuntu/Projects/UnitreeGo2/sdk_ws/install/unitree_api/share/unitree_api/cmake/unitree_apiConfig.cmake
-- Symlinking: /home/ubuntu/Projects/UnitreeGo2/sdk_ws/install/unitree_api/share/unitree_api/cmake/unitree_apiConfig-version.cmake
-- Symlinking: /home/ubuntu/Projects/UnitreeGo2/sdk_ws/install/unitree_api/share/unitree_api/package.xml
-- Installing: /home/ubuntu/Projects/UnitreeGo2/sdk_ws/install/unitree_api/lib/libunitree_api__rosidl_generator_c.so
-- Set non-toolchain portion of runtime path of "/home/ubuntu/Projects/UnitreeGo2/sdk_ws/install/unitree_api/lib/libunitree_api__rosidl_generator_c.so" to ""
-- Installing: /home/ubuntu/Projects/UnitreeGo2/sdk_ws/install/unitree_api/lib/libunitree_api__rosidl_typesupport_fastrtps_c.so
-- Set non-toolchain portion of runtime path of "/home/ubuntu/Projects/UnitreeGo2/sdk_ws/install/unitree_api/lib/libunitree_api__rosidl_typesupport_fastrtps_c.so" to ""
-- Installing: /home/ubuntu/Projects/UnitreeGo2/sdk_ws/install/unitree_api/lib/libunitree_api__rosidl_typesupport_fastrtps_cpp.so
-- Set non-toolchain portion of runtime path of "/home/ubuntu/Projects/UnitreeGo2/sdk_ws/install/unitree_api/lib/libunitree_api__rosidl_typesupport_fastrtps_cpp.so" to ""
-- Installing: /home/ubuntu/Projects/UnitreeGo2/sdk_ws/install/unitree_api/lib/libunitree_api__rosidl_typesupport_introspection_c.so
-- Set non-toolchain portion of runtime path of "/home/ubuntu/Projects/UnitreeGo2/sdk_ws/install/unitree_api/lib/libunitree_api__rosidl_typesupport_introspection_c.so" to ""
-- Installing: /home/ubuntu/Projects/UnitreeGo2/sdk_ws/install/unitree_api/lib/libunitree_api__rosidl_typesupport_c.so
-- Set non-toolchain portion of runtime path of "/home/ubuntu/Projects/UnitreeGo2/sdk_ws/install/unitree_api/lib/libunitree_api__rosidl_typesupport_c.so" to ""
-- Installing: /home/ubuntu/Projects/UnitreeGo2/sdk_ws/install/unitree_api/lib/libunitree_api__rosidl_typesupport_introspection_cpp.so
-- Set non-toolchain portion of runtime path of "/home/ubuntu/Projects/UnitreeGo2/sdk_ws/install/unitree_api/lib/libunitree_api__rosidl_typesupport_introspection_cpp.so" to ""
-- Installing: /home/ubuntu/Projects/UnitreeGo2/sdk_ws/install/unitree_api/lib/libunitree_api__rosidl_typesupport_cpp.so
-- Set non-toolchain portion of runtime path of "/home/ubuntu/Projects/UnitreeGo2/sdk_ws/install/unitree_api/lib/libunitree_api__rosidl_typesupport_cpp.so" to ""
Listing '/home/ubuntu/Projects/UnitreeGo2/sdk_ws/install/unitree_api/local/lib/python3.10/dist-packages/unitree_api'...
Compiling '/home/ubuntu/Projects/UnitreeGo2/sdk_ws/install/unitree_api/local/lib/python3.10/dist-packages/unitree_api/__init__.py'...
Listing '/home/ubuntu/Projects/UnitreeGo2/sdk_ws/install/unitree_api/local/lib/python3.10/dist-packages/unitree_api/msg'...
Compiling '/home/ubuntu/Projects/UnitreeGo2/sdk_ws/install/unitree_api/local/lib/python3.10/dist-packages/unitree_api/msg/__init__.py'...
Compiling '/home/ubuntu/Projects/UnitreeGo2/sdk_ws/install/unitree_api/local/lib/python3.10/dist-packages/unitree_api/msg/_request.py'...
Compiling '/home/ubuntu/Projects/UnitreeGo2/sdk_ws/install/unitree_api/local/lib/python3.10/dist-packages/unitree_api/msg/_request_header.py'...
Compiling '/home/ubuntu/Projects/UnitreeGo2/sdk_ws/install/unitree_api/local/lib/python3.10/dist-packages/unitree_api/msg/_request_identity.py'...
Compiling '/home/ubuntu/Projects/UnitreeGo2/sdk_ws/install/unitree_api/local/lib/python3.10/dist-packages/unitree_api/msg/_request_lease.py'...
Compiling '/home/ubuntu/Projects/UnitreeGo2/sdk_ws/install/unitree_api/local/lib/python3.10/dist-packages/unitree_api/msg/_request_policy.py'...
Compiling '/home/ubuntu/Projects/UnitreeGo2/sdk_ws/install/unitree_api/local/lib/python3.10/dist-packages/unitree_api/msg/_response.py'...
Compiling '/home/ubuntu/Projects/UnitreeGo2/sdk_ws/install/unitree_api/local/lib/python3.10/dist-packages/unitree_api/msg/_response_header.py'...
Compiling '/home/ubuntu/Projects/UnitreeGo2/sdk_ws/install/unitree_api/local/lib/python3.10/dist-packages/unitree_api/msg/_response_status.py'...
-- Installing: /home/ubuntu/Projects/UnitreeGo2/sdk_ws/install/unitree_api/lib/libunitree_api__rosidl_generator_py.so
-- Set non-toolchain portion of runtime path of "/home/ubuntu/Projects/UnitreeGo2/sdk_ws/install/unitree_api/lib/libunitree_api__rosidl_generator_py.so" to ""
-- Installing: /home/ubuntu/Projects/UnitreeGo2/sdk_ws/install/unitree_api/share/unitree_api/cmake/export_unitree_api__rosidl_generator_cExport.cmake
-- Installing: /home/ubuntu/Projects/UnitreeGo2/sdk_ws/install/unitree_api/share/unitree_api/cmake/export_unitree_api__rosidl_generator_cExport-noconfig.cmake
-- Installing: /home/ubuntu/Projects/UnitreeGo2/sdk_ws/install/unitree_api/share/unitree_api/cmake/export_unitree_api__rosidl_typesupport_fastrtps_cExport.cmake
-- Installing: /home/ubuntu/Projects/UnitreeGo2/sdk_ws/install/unitree_api/share/unitree_api/cmake/export_unitree_api__rosidl_typesupport_fastrtps_cExport-noconfig.cmake
-- Installing: /home/ubuntu/Projects/UnitreeGo2/sdk_ws/install/unitree_api/share/unitree_api/cmake/export_unitree_api__rosidl_generator_cppExport.cmake
-- Installing: /home/ubuntu/Projects/UnitreeGo2/sdk_ws/install/unitree_api/share/unitree_api/cmake/export_unitree_api__rosidl_typesupport_fastrtps_cppExport.cmake
-- Installing: /home/ubuntu/Projects/UnitreeGo2/sdk_ws/install/unitree_api/share/unitree_api/cmake/export_unitree_api__rosidl_typesupport_fastrtps_cppExport-noconfig.cmake
-- Installing: /home/ubuntu/Projects/UnitreeGo2/sdk_ws/install/unitree_api/share/unitree_api/cmake/unitree_api__rosidl_typesupport_introspection_cExport.cmake
-- Installing: /home/ubuntu/Projects/UnitreeGo2/sdk_ws/install/unitree_api/share/unitree_api/cmake/unitree_api__rosidl_typesupport_introspection_cExport-noconfig.cmake
-- Installing: /home/ubuntu/Projects/UnitreeGo2/sdk_ws/install/unitree_api/share/unitree_api/cmake/unitree_api__rosidl_typesupport_cExport.cmake
-- Installing: /home/ubuntu/Projects/UnitreeGo2/sdk_ws/install/unitree_api/share/unitree_api/cmake/unitree_api__rosidl_typesupport_cExport-noconfig.cmake
-- Installing: /home/ubuntu/Projects/UnitreeGo2/sdk_ws/install/unitree_api/share/unitree_api/cmake/unitree_api__rosidl_typesupport_introspection_cppExport.cmake
-- Installing: /home/ubuntu/Projects/UnitreeGo2/sdk_ws/install/unitree_api/share/unitree_api/cmake/unitree_api__rosidl_typesupport_introspection_cppExport-noconfig.cmake
-- Installing: /home/ubuntu/Projects/UnitreeGo2/sdk_ws/install/unitree_api/share/unitree_api/cmake/unitree_api__rosidl_typesupport_cppExport.cmake
-- Installing: /home/ubuntu/Projects/UnitreeGo2/sdk_ws/install/unitree_api/share/unitree_api/cmake/unitree_api__rosidl_typesupport_cppExport-noconfig.cmake
-- Installing: /home/ubuntu/Projects/UnitreeGo2/sdk_ws/install/unitree_api/share/unitree_api/cmake/export_unitree_api__rosidl_generator_pyExport.cmake
-- Installing: /home/ubuntu/Projects/UnitreeGo2/sdk_ws/install/unitree_api/share/unitree_api/cmake/export_unitree_api__rosidl_generator_pyExport-noconfig.cmake
