[0.028s] Invoking command in '/home/ubuntu/Projects/UnitreeGo2/sdk_ws/build/unitree_api': CMAKE_PREFIX_PATH=${CMAKE_PREFIX_PATH}:/home/ubuntu/Projects/UnitreeGo2/ros2_ws/install/go2_robot_sdk:/home/ubuntu/Projects/UnitreeGo2/ros2_ws/install/unitree_go:/home/ubuntu/Projects/UnitreeGo2/ros2_ws/install/unitree_api:/home/ubuntu/Projects/UnitreeGo2/ros2_ws/install/pointcloud2_aggregator:/home/ubuntu/Projects/UnitreeGo2/ros2_ws/install/go2_stair_zone_filter:/home/ubuntu/Projects/UnitreeGo2/ros2_ws/install/go2_interfaces:/opt/ros/humble /home/ubuntu/.local/bin/cmake /home/ubuntu/Projects/UnitreeGo2/sdk_ws/src/go2_sdk/cyclonedds_ws/src/unitree/unitree_api -DAMENT_CMAKE_SYMLINK_INSTALL=1 -DCMAKE_INSTALL_PREFIX=/home/ubuntu/Projects/UnitreeGo2/sdk_ws/install/unitree_api
[0.275s] CMake Deprecation Warning at CMakeLists.txt:1 (cmake_minimum_required):
[0.275s]   Compatibility with CMake < 3.10 will be removed from a future version of
[0.276s]   CMake.
[0.276s] 
[0.276s]   Update the VERSION argument <min> value.  Or, use the <min>...<max> syntax
[0.276s]   to tell CMake that the project requires at least <min> but has been updated
[0.277s]   to work with policies introduced by <max> or earlier.
[0.277s] 
[0.277s] 
[0.619s] -- The C compiler identification is GNU 11.4.0
[0.904s] -- The CXX compiler identification is GNU 11.4.0
[0.935s] -- Detecting C compiler ABI info
[1.064s] -- Detecting C compiler ABI info - done
[1.086s] -- Check for working C compiler: /usr/bin/cc - skipped
[1.087s] -- Detecting C compile features
[1.088s] -- Detecting C compile features - done
[1.112s] -- Detecting CXX compiler ABI info
[1.220s] -- Detecting CXX compiler ABI info - done
[1.241s] -- Check for working CXX compiler: /usr/bin/c++ - skipped
[1.241s] -- Detecting CXX compile features
[1.244s] -- Detecting CXX compile features - done
[1.296s] -- Found ament_cmake: 1.3.14 (/opt/ros/humble/share/ament_cmake/cmake)
[1.523s] -- Found Python3: /usr/bin/python3 (found version "3.10.12") found components: Interpreter
[1.632s] -- Override CMake install command with custom implementation using symlinks instead of copying resources
[1.737s] -- Found geometry_msgs: 4.9.1 (/opt/ros/humble/share/geometry_msgs/cmake)
[1.887s] -- Found rosidl_generator_c: 3.1.8 (/opt/ros/humble/share/rosidl_generator_c/cmake)
[1.912s] -- Found rosidl_adapter: 3.1.8 (/opt/ros/humble/share/rosidl_adapter/cmake)
[1.941s] -- Found rosidl_generator_cpp: 3.1.8 (/opt/ros/humble/share/rosidl_generator_cpp/cmake)
[1.990s] -- Using all available rosidl_typesupport_c: rosidl_typesupport_fastrtps_c;rosidl_typesupport_introspection_c
[2.044s] -- Using all available rosidl_typesupport_cpp: rosidl_typesupport_fastrtps_cpp;rosidl_typesupport_introspection_cpp
[2.164s] -- Found rosidl_default_generators: 1.2.1 (/opt/ros/humble/share/rosidl_default_generators/cmake)
[2.208s] -- Found rosidl_generator_dds_idl: 0.8.1 (/opt/ros/humble/share/rosidl_generator_dds_idl/cmake)
[2.892s] -- Found ament_cmake_ros: 0.10.0 (/opt/ros/humble/share/ament_cmake_ros/cmake)
[4.149s] -- Using all available rosidl_typesupport_c: rosidl_typesupport_fastrtps_c;rosidl_typesupport_introspection_c
[4.631s] -- Using all available rosidl_typesupport_cpp: rosidl_typesupport_fastrtps_cpp;rosidl_typesupport_introspection_cpp
[4.636s] CMake Warning (dev) at /opt/ros/humble/share/rosidl_generator_py/cmake/rosidl_generator_py_generate_interfaces.cmake:20 (find_package):
[4.636s]   Policy CMP0148 is not set: The FindPythonInterp and FindPythonLibs modules
[4.636s]   are removed.  Run "cmake --help-policy CMP0148" for policy details.  Use
[4.636s]   the cmake_policy command to set the policy and suppress this warning.
[4.636s] 
[4.636s] Call Stack (most recent call first):
[4.636s]   /opt/ros/humble/share/ament_cmake_core/cmake/core/ament_execute_extensions.cmake:48 (include)
[4.636s]   /opt/ros/humble/share/rosidl_cmake/cmake/rosidl_generate_interfaces.cmake:286 (ament_execute_extensions)
[4.636s]   CMakeLists.txt:28 (rosidl_generate_interfaces)
[4.636s] This warning is for project developers.  Use -Wno-dev to suppress it.
[4.636s] 
[4.666s] -- Found PythonInterp: /usr/bin/python3 (found suitable version "3.10.12", minimum required is "3.6")
[4.674s] -- Found python_cmake_module: 0.10.0 (/opt/ros/humble/share/python_cmake_module/cmake)
[4.676s] CMake Warning (dev) at /opt/ros/humble/share/python_cmake_module/cmake/Modules/FindPythonExtra.cmake:52 (find_package):
[4.677s]   Policy CMP0148 is not set: The FindPythonInterp and FindPythonLibs modules
[4.677s]   are removed.  Run "cmake --help-policy CMP0148" for policy details.  Use
[4.677s]   the cmake_policy command to set the policy and suppress this warning.
[4.677s] 
[4.677s] Call Stack (most recent call first):
[4.677s]   /opt/ros/humble/share/rosidl_generator_py/cmake/rosidl_generator_py_generate_interfaces.cmake:23 (find_package)
[4.677s]   /opt/ros/humble/share/ament_cmake_core/cmake/core/ament_execute_extensions.cmake:48 (include)
[4.677s]   /opt/ros/humble/share/rosidl_cmake/cmake/rosidl_generate_interfaces.cmake:286 (ament_execute_extensions)
[4.677s]   CMakeLists.txt:28 (rosidl_generate_interfaces)
[4.677s] This warning is for project developers.  Use -Wno-dev to suppress it.
[4.677s] 
[4.704s] CMake Warning (dev) at /opt/ros/humble/share/python_cmake_module/cmake/Modules/FindPythonExtra.cmake:140 (find_package):
[4.704s]   Policy CMP0148 is not set: The FindPythonInterp and FindPythonLibs modules
[4.704s]   are removed.  Run "cmake --help-policy CMP0148" for policy details.  Use
[4.705s]   the cmake_policy command to set the policy and suppress this warning.
[4.705s] 
[4.705s] Call Stack (most recent call first):
[4.705s]   /opt/ros/humble/share/rosidl_generator_py/cmake/rosidl_generator_py_generate_interfaces.cmake:23 (find_package)
[4.705s]   /opt/ros/humble/share/ament_cmake_core/cmake/core/ament_execute_extensions.cmake:48 (include)
[4.705s]   /opt/ros/humble/share/rosidl_cmake/cmake/rosidl_generate_interfaces.cmake:286 (ament_execute_extensions)
[4.705s]   CMakeLists.txt:28 (rosidl_generate_interfaces)
[4.705s] This warning is for project developers.  Use -Wno-dev to suppress it.
[4.705s] 
[4.733s] -- Found PythonLibs: /usr/lib/x86_64-linux-gnu/libpython3.10.so (found suitable version "3.10.12", minimum required is "3.5")
[4.733s] -- Using PYTHON_EXECUTABLE: /usr/bin/python3
[4.733s] -- Using PYTHON_INCLUDE_DIRS: /usr/include/python3.10
[4.733s] -- Using PYTHON_LIBRARIES: /usr/lib/x86_64-linux-gnu/libpython3.10.so
[4.764s] -- Found PythonExtra: .so
[5.142s] -- Found ament_lint_auto: 0.12.15 (/opt/ros/humble/share/ament_lint_auto/cmake)
[5.218s] -- Added test 'copyright' to check source files copyright and LICENSE
[5.223s] -- Added test 'lint_cmake' to check CMake code style
[5.226s] -- Added test 'xmllint' to check XML markup files
[5.234s] -- Configuring done (5.0s)
[5.312s] -- Generating done (0.1s)
[5.339s] -- Build files have been written to: /home/ubuntu/Projects/UnitreeGo2/sdk_ws/build/unitree_api
[5.358s] Invoked command in '/home/ubuntu/Projects/UnitreeGo2/sdk_ws/build/unitree_api' returned '0': CMAKE_PREFIX_PATH=${CMAKE_PREFIX_PATH}:/home/ubuntu/Projects/UnitreeGo2/ros2_ws/install/go2_robot_sdk:/home/ubuntu/Projects/UnitreeGo2/ros2_ws/install/unitree_go:/home/ubuntu/Projects/UnitreeGo2/ros2_ws/install/unitree_api:/home/ubuntu/Projects/UnitreeGo2/ros2_ws/install/pointcloud2_aggregator:/home/ubuntu/Projects/UnitreeGo2/ros2_ws/install/go2_stair_zone_filter:/home/ubuntu/Projects/UnitreeGo2/ros2_ws/install/go2_interfaces:/opt/ros/humble /home/ubuntu/.local/bin/cmake /home/ubuntu/Projects/UnitreeGo2/sdk_ws/src/go2_sdk/cyclonedds_ws/src/unitree/unitree_api -DAMENT_CMAKE_SYMLINK_INSTALL=1 -DCMAKE_INSTALL_PREFIX=/home/ubuntu/Projects/UnitreeGo2/sdk_ws/install/unitree_api
[5.361s] Invoking command in '/home/ubuntu/Projects/UnitreeGo2/sdk_ws/build/unitree_api': CMAKE_PREFIX_PATH=${CMAKE_PREFIX_PATH}:/home/ubuntu/Projects/UnitreeGo2/ros2_ws/install/go2_robot_sdk:/home/ubuntu/Projects/UnitreeGo2/ros2_ws/install/unitree_go:/home/ubuntu/Projects/UnitreeGo2/ros2_ws/install/unitree_api:/home/ubuntu/Projects/UnitreeGo2/ros2_ws/install/pointcloud2_aggregator:/home/ubuntu/Projects/UnitreeGo2/ros2_ws/install/go2_stair_zone_filter:/home/ubuntu/Projects/UnitreeGo2/ros2_ws/install/go2_interfaces:/opt/ros/humble /home/ubuntu/.local/bin/cmake --build /home/ubuntu/Projects/UnitreeGo2/sdk_ws/build/unitree_api -- -j8 -l8
[5.506s] [  1%] Generating C code for ROS interfaces
[5.512s] [  2%] Generating Rust code for ROS interfaces
[5.519s] [  3%] Generating DDS interfaces
[5.522s] [  4%] Generating C++ code for ROS interfaces
[5.524s] [  4%] Built target ament_cmake_python_symlink_unitree_api
[6.250s] [  4%] Built target unitree_api__dds_connext_idl
[6.343s] running egg_info
[6.345s] creating unitree_api.egg-info
[6.345s] writing unitree_api.egg-info/PKG-INFO
[6.345s] writing dependency_links to unitree_api.egg-info/dependency_links.txt
[6.348s] writing top-level names to unitree_api.egg-info/top_level.txt
[6.348s] writing manifest file 'unitree_api.egg-info/SOURCES.txt'
[6.378s] reading manifest file 'unitree_api.egg-info/SOURCES.txt'
[6.379s] writing manifest file 'unitree_api.egg-info/SOURCES.txt'
[6.437s] [  4%] Built target unitree_api__rs
[6.454s] [  4%] Built target ament_cmake_python_build_unitree_api_egg
[7.131s] [  5%] Building C object CMakeFiles/unitree_api__rosidl_generator_c.dir/rosidl_generator_c/unitree_api/msg/detail/request_header__functions.c.o
[7.131s] [  6%] Building C object CMakeFiles/unitree_api__rosidl_generator_c.dir/rosidl_generator_c/unitree_api/msg/detail/request_lease__functions.c.o
[7.131s] [  7%] Building C object CMakeFiles/unitree_api__rosidl_generator_c.dir/rosidl_generator_c/unitree_api/msg/detail/request__functions.c.o
[7.133s] [  8%] Building C object CMakeFiles/unitree_api__rosidl_generator_c.dir/rosidl_generator_c/unitree_api/msg/detail/request_identity__functions.c.o
[7.138s] [ 10%] Building C object CMakeFiles/unitree_api__rosidl_generator_c.dir/rosidl_generator_c/unitree_api/msg/detail/request_policy__functions.c.o
[7.143s] [ 11%] Building C object CMakeFiles/unitree_api__rosidl_generator_c.dir/rosidl_generator_c/unitree_api/msg/detail/response__functions.c.o
[7.143s] [ 12%] Building C object CMakeFiles/unitree_api__rosidl_generator_c.dir/rosidl_generator_c/unitree_api/msg/detail/response_header__functions.c.o
[7.355s] [ 13%] Building C object CMakeFiles/unitree_api__rosidl_generator_c.dir/rosidl_generator_c/unitree_api/msg/detail/response_status__functions.c.o
[7.525s] [ 13%] Built target unitree_api__cpp
[7.544s] [ 15%] Generating C++ type support for eProsima Fast-RTPS
[7.547s] [ 15%] Generating C++ introspection for ROS interfaces
[7.557s] [ 16%] Generating C++ type support dispatch for ROS interfaces
[7.574s] [ 17%] Linking C shared library libunitree_api__rosidl_generator_c.so
[7.664s] [ 17%] Built target unitree_api__rosidl_generator_c
[7.679s] [ 19%] Generating C type support for eProsima Fast-RTPS
[7.682s] [ 20%] Generating C introspection for ROS interfaces
[7.686s] [ 21%] Generating C type support dispatch for ROS interfaces
[8.710s] [ 22%] Building CXX object CMakeFiles/unitree_api__rosidl_typesupport_c.dir/rosidl_typesupport_c/unitree_api/msg/request__type_support.cpp.o
[8.714s] [ 23%] Building CXX object CMakeFiles/unitree_api__rosidl_typesupport_c.dir/rosidl_typesupport_c/unitree_api/msg/request_header__type_support.cpp.o
[8.720s] [ 24%] Building CXX object CMakeFiles/unitree_api__rosidl_typesupport_c.dir/rosidl_typesupport_c/unitree_api/msg/request_identity__type_support.cpp.o
[8.808s] [ 25%] Building CXX object CMakeFiles/unitree_api__rosidl_typesupport_c.dir/rosidl_typesupport_c/unitree_api/msg/request_lease__type_support.cpp.o
[8.818s] [ 26%] Building CXX object CMakeFiles/unitree_api__rosidl_typesupport_cpp.dir/rosidl_typesupport_cpp/unitree_api/msg/request__type_support.cpp.o
[8.822s] [ 28%] Building CXX object CMakeFiles/unitree_api__rosidl_typesupport_c.dir/rosidl_typesupport_c/unitree_api/msg/request_policy__type_support.cpp.o
[8.823s] [ 29%] Building CXX object CMakeFiles/unitree_api__rosidl_typesupport_c.dir/rosidl_typesupport_c/unitree_api/msg/response__type_support.cpp.o
[8.894s] [ 30%] Building CXX object CMakeFiles/unitree_api__rosidl_typesupport_c.dir/rosidl_typesupport_c/unitree_api/msg/response_header__type_support.cpp.o
[8.898s] [ 31%] Building CXX object CMakeFiles/unitree_api__rosidl_typesupport_c.dir/rosidl_typesupport_c/unitree_api/msg/response_status__type_support.cpp.o
[8.913s] [ 32%] Building CXX object CMakeFiles/unitree_api__rosidl_typesupport_cpp.dir/rosidl_typesupport_cpp/unitree_api/msg/request_header__type_support.cpp.o
[8.985s] [ 33%] Building CXX object CMakeFiles/unitree_api__rosidl_typesupport_cpp.dir/rosidl_typesupport_cpp/unitree_api/msg/request_identity__type_support.cpp.o
[8.989s] [ 34%] Linking CXX shared library libunitree_api__rosidl_typesupport_c.so
[9.067s] [ 34%] Built target unitree_api__rosidl_typesupport_c
[9.078s] [ 35%] Building CXX object CMakeFiles/unitree_api__rosidl_typesupport_cpp.dir/rosidl_typesupport_cpp/unitree_api/msg/request_lease__type_support.cpp.o
[9.198s] [ 37%] Building C object CMakeFiles/unitree_api__rosidl_typesupport_introspection_c.dir/rosidl_typesupport_introspection_c/unitree_api/msg/detail/request__type_support.c.o
[9.266s] [ 38%] Building CXX object CMakeFiles/unitree_api__rosidl_typesupport_fastrtps_cpp.dir/rosidl_typesupport_fastrtps_cpp/unitree_api/msg/detail/dds_fastrtps/request__type_support.cpp.o
[9.283s] [ 39%] Building C object CMakeFiles/unitree_api__rosidl_typesupport_introspection_c.dir/rosidl_typesupport_introspection_c/unitree_api/msg/detail/request_header__type_support.c.o
[9.349s] [ 40%] Building CXX object CMakeFiles/unitree_api__rosidl_typesupport_introspection_cpp.dir/rosidl_typesupport_introspection_cpp/unitree_api/msg/detail/request__type_support.cpp.o
[9.379s] [ 42%] Building CXX object CMakeFiles/unitree_api__rosidl_typesupport_fastrtps_c.dir/rosidl_typesupport_fastrtps_c/unitree_api/msg/detail/request__type_support_c.cpp.o
[9.379s] [ 42%] Building C object CMakeFiles/unitree_api__rosidl_typesupport_introspection_c.dir/rosidl_typesupport_introspection_c/unitree_api/msg/detail/request_identity__type_support.c.o
[9.468s] [ 43%] Building C object CMakeFiles/unitree_api__rosidl_typesupport_introspection_c.dir/rosidl_typesupport_introspection_c/unitree_api/msg/detail/request_lease__type_support.c.o
[9.611s] [ 44%] Building C object CMakeFiles/unitree_api__rosidl_typesupport_introspection_c.dir/rosidl_typesupport_introspection_c/unitree_api/msg/detail/request_policy__type_support.c.o
[9.680s] [ 46%] Building C object CMakeFiles/unitree_api__rosidl_typesupport_introspection_c.dir/rosidl_typesupport_introspection_c/unitree_api/msg/detail/response__type_support.c.o
[9.681s] [ 47%] Building CXX object CMakeFiles/unitree_api__rosidl_typesupport_fastrtps_c.dir/rosidl_typesupport_fastrtps_c/unitree_api/msg/detail/request_header__type_support_c.cpp.o
[9.702s] [ 48%] Building CXX object CMakeFiles/unitree_api__rosidl_typesupport_introspection_cpp.dir/rosidl_typesupport_introspection_cpp/unitree_api/msg/detail/request_header__type_support.cpp.o
[9.702s] [ 49%] Building CXX object CMakeFiles/unitree_api__rosidl_typesupport_introspection_cpp.dir/rosidl_typesupport_introspection_cpp/unitree_api/msg/detail/request_identity__type_support.cpp.o
[9.770s] [ 50%] Building C object CMakeFiles/unitree_api__rosidl_typesupport_introspection_c.dir/rosidl_typesupport_introspection_c/unitree_api/msg/detail/response_header__type_support.c.o
[9.883s] [ 51%] Building C object CMakeFiles/unitree_api__rosidl_typesupport_introspection_c.dir/rosidl_typesupport_introspection_c/unitree_api/msg/detail/response_status__type_support.c.o
[9.913s] [ 52%] Building CXX object CMakeFiles/unitree_api__rosidl_typesupport_cpp.dir/rosidl_typesupport_cpp/unitree_api/msg/request_policy__type_support.cpp.o
[9.973s] [ 53%] Linking C shared library libunitree_api__rosidl_typesupport_introspection_c.so
[10.080s] [ 53%] Built target unitree_api__rosidl_typesupport_introspection_c
[10.100s] [ 55%] Building CXX object CMakeFiles/unitree_api__rosidl_typesupport_fastrtps_cpp.dir/rosidl_typesupport_fastrtps_cpp/unitree_api/msg/detail/dds_fastrtps/request_header__type_support.cpp.o
[10.582s] [ 56%] Building CXX object CMakeFiles/unitree_api__rosidl_typesupport_fastrtps_c.dir/rosidl_typesupport_fastrtps_c/unitree_api/msg/detail/request_identity__type_support_c.cpp.o
[10.651s] [ 57%] Building CXX object CMakeFiles/unitree_api__rosidl_typesupport_fastrtps_cpp.dir/rosidl_typesupport_fastrtps_cpp/unitree_api/msg/detail/dds_fastrtps/request_identity__type_support.cpp.o
[10.702s] [ 58%] Building CXX object CMakeFiles/unitree_api__rosidl_typesupport_fastrtps_c.dir/rosidl_typesupport_fastrtps_c/unitree_api/msg/detail/request_lease__type_support_c.cpp.o
[10.720s] [ 59%] Building CXX object CMakeFiles/unitree_api__rosidl_typesupport_cpp.dir/rosidl_typesupport_cpp/unitree_api/msg/response__type_support.cpp.o
[10.820s] [ 60%] Building CXX object CMakeFiles/unitree_api__rosidl_typesupport_cpp.dir/rosidl_typesupport_cpp/unitree_api/msg/response_header__type_support.cpp.o
[10.919s] [ 61%] Building CXX object CMakeFiles/unitree_api__rosidl_typesupport_introspection_cpp.dir/rosidl_typesupport_introspection_cpp/unitree_api/msg/detail/request_lease__type_support.cpp.o
[10.937s] [ 62%] Building CXX object CMakeFiles/unitree_api__rosidl_typesupport_cpp.dir/rosidl_typesupport_cpp/unitree_api/msg/response_status__type_support.cpp.o
[11.593s] [ 64%] Building CXX object CMakeFiles/unitree_api__rosidl_typesupport_fastrtps_cpp.dir/rosidl_typesupport_fastrtps_cpp/unitree_api/msg/detail/dds_fastrtps/request_lease__type_support.cpp.o
[11.712s] [ 65%] Building CXX object CMakeFiles/unitree_api__rosidl_typesupport_introspection_cpp.dir/rosidl_typesupport_introspection_cpp/unitree_api/msg/detail/request_policy__type_support.cpp.o
[11.928s] [ 66%] Building CXX object CMakeFiles/unitree_api__rosidl_typesupport_fastrtps_c.dir/rosidl_typesupport_fastrtps_c/unitree_api/msg/detail/request_policy__type_support_c.cpp.o
[11.978s] [ 67%] Linking CXX shared library libunitree_api__rosidl_typesupport_cpp.so
[12.122s] [ 68%] Building CXX object CMakeFiles/unitree_api__rosidl_typesupport_fastrtps_c.dir/rosidl_typesupport_fastrtps_c/unitree_api/msg/detail/response__type_support_c.cpp.o
[12.200s] [ 69%] Building CXX object CMakeFiles/unitree_api__rosidl_typesupport_fastrtps_cpp.dir/rosidl_typesupport_fastrtps_cpp/unitree_api/msg/detail/dds_fastrtps/request_policy__type_support.cpp.o
[12.236s] [ 69%] Built target unitree_api__rosidl_typesupport_cpp
[12.259s] [ 70%] Building CXX object CMakeFiles/unitree_api__rosidl_typesupport_fastrtps_cpp.dir/rosidl_typesupport_fastrtps_cpp/unitree_api/msg/detail/dds_fastrtps/response__type_support.cpp.o
[12.325s] [ 71%] Building CXX object CMakeFiles/unitree_api__rosidl_typesupport_introspection_cpp.dir/rosidl_typesupport_introspection_cpp/unitree_api/msg/detail/response__type_support.cpp.o
[12.547s] [ 73%] Building CXX object CMakeFiles/unitree_api__rosidl_typesupport_fastrtps_cpp.dir/rosidl_typesupport_fastrtps_cpp/unitree_api/msg/detail/dds_fastrtps/response_header__type_support.cpp.o
[13.709s] [ 74%] Building CXX object CMakeFiles/unitree_api__rosidl_typesupport_fastrtps_cpp.dir/rosidl_typesupport_fastrtps_cpp/unitree_api/msg/detail/dds_fastrtps/response_status__type_support.cpp.o
[13.709s] [ 75%] Building CXX object CMakeFiles/unitree_api__rosidl_typesupport_fastrtps_c.dir/rosidl_typesupport_fastrtps_c/unitree_api/msg/detail/response_header__type_support_c.cpp.o
[13.719s] [ 76%] Building CXX object CMakeFiles/unitree_api__rosidl_typesupport_fastrtps_c.dir/rosidl_typesupport_fastrtps_c/unitree_api/msg/detail/response_status__type_support_c.cpp.o
[13.751s] [ 77%] Building CXX object CMakeFiles/unitree_api__rosidl_typesupport_introspection_cpp.dir/rosidl_typesupport_introspection_cpp/unitree_api/msg/detail/response_header__type_support.cpp.o
[13.883s] [ 78%] Building CXX object CMakeFiles/unitree_api__rosidl_typesupport_introspection_cpp.dir/rosidl_typesupport_introspection_cpp/unitree_api/msg/detail/response_status__type_support.cpp.o
[14.884s] [ 79%] Linking CXX shared library libunitree_api__rosidl_typesupport_introspection_cpp.so
[14.965s] [ 80%] Linking CXX shared library libunitree_api__rosidl_typesupport_fastrtps_cpp.so
[15.089s] [ 82%] Linking CXX shared library libunitree_api__rosidl_typesupport_fastrtps_c.so
[15.105s] [ 82%] Built target unitree_api__rosidl_typesupport_introspection_cpp
[15.189s] [ 82%] Built target unitree_api__rosidl_typesupport_fastrtps_cpp
[15.313s] [ 82%] Built target unitree_api__rosidl_typesupport_fastrtps_c
[15.360s] [ 82%] Built target unitree_api
[15.403s] [ 83%] Generating Python code for ROS interfaces
[18.231s] [ 83%] Built target unitree_api__py
[18.295s] [ 84%] Building C object CMakeFiles/unitree_api__rosidl_generator_py.dir/rosidl_generator_py/unitree_api/msg/_request_s.c.o
[18.298s] [ 86%] Building C object CMakeFiles/unitree_api__rosidl_generator_py.dir/rosidl_generator_py/unitree_api/msg/_request_identity_s.c.o
[18.298s] [ 85%] Building C object CMakeFiles/unitree_api__rosidl_generator_py.dir/rosidl_generator_py/unitree_api/msg/_request_header_s.c.o
[18.319s] [ 87%] Building C object CMakeFiles/unitree_api__rosidl_generator_py.dir/rosidl_generator_py/unitree_api/msg/_request_lease_s.c.o
[18.365s] [ 88%] Building C object CMakeFiles/unitree_api__rosidl_generator_py.dir/rosidl_generator_py/unitree_api/msg/_request_policy_s.c.o
[18.377s] [ 89%] Building C object CMakeFiles/unitree_api__rosidl_generator_py.dir/rosidl_generator_py/unitree_api/msg/_response_header_s.c.o
[18.379s] [ 91%] Building C object CMakeFiles/unitree_api__rosidl_generator_py.dir/rosidl_generator_py/unitree_api/msg/_response_status_s.c.o
[18.380s] [ 92%] Building C object CMakeFiles/unitree_api__rosidl_generator_py.dir/rosidl_generator_py/unitree_api/msg/_response_s.c.o
[19.031s] [ 93%] Linking C shared library rosidl_generator_py/unitree_api/libunitree_api__rosidl_generator_py.so
[19.152s] [ 93%] Built target unitree_api__rosidl_generator_py
[19.199s] [ 94%] Building C object CMakeFiles/unitree_api__rosidl_typesupport_c__pyext.dir/rosidl_generator_py/unitree_api/_unitree_api_s.ep.rosidl_typesupport_c.c.o
[19.204s] [ 95%] Building C object CMakeFiles/unitree_api__rosidl_typesupport_fastrtps_c__pyext.dir/rosidl_generator_py/unitree_api/_unitree_api_s.ep.rosidl_typesupport_fastrtps_c.c.o
[19.206s] [ 96%] Building C object CMakeFiles/unitree_api__rosidl_typesupport_introspection_c__pyext.dir/rosidl_generator_py/unitree_api/_unitree_api_s.ep.rosidl_typesupport_introspection_c.c.o
[19.575s] [ 97%] Linking C shared library rosidl_generator_py/unitree_api/unitree_api_s__rosidl_typesupport_introspection_c.cpython-310-x86_64-linux-gnu.so
[19.685s] [ 98%] Linking C shared library rosidl_generator_py/unitree_api/unitree_api_s__rosidl_typesupport_c.cpython-310-x86_64-linux-gnu.so
[19.693s] [ 98%] Built target unitree_api__rosidl_typesupport_introspection_c__pyext
[19.720s] [100%] Linking C shared library rosidl_generator_py/unitree_api/unitree_api_s__rosidl_typesupport_fastrtps_c.cpython-310-x86_64-linux-gnu.so
[19.817s] [100%] Built target unitree_api__rosidl_typesupport_c__pyext
[19.838s] [100%] Built target unitree_api__rosidl_typesupport_fastrtps_c__pyext
[19.868s] Invoked command in '/home/ubuntu/Projects/UnitreeGo2/sdk_ws/build/unitree_api' returned '0': CMAKE_PREFIX_PATH=${CMAKE_PREFIX_PATH}:/home/ubuntu/Projects/UnitreeGo2/ros2_ws/install/go2_robot_sdk:/home/ubuntu/Projects/UnitreeGo2/ros2_ws/install/unitree_go:/home/ubuntu/Projects/UnitreeGo2/ros2_ws/install/unitree_api:/home/ubuntu/Projects/UnitreeGo2/ros2_ws/install/pointcloud2_aggregator:/home/ubuntu/Projects/UnitreeGo2/ros2_ws/install/go2_stair_zone_filter:/home/ubuntu/Projects/UnitreeGo2/ros2_ws/install/go2_interfaces:/opt/ros/humble /home/ubuntu/.local/bin/cmake --build /home/ubuntu/Projects/UnitreeGo2/sdk_ws/build/unitree_api -- -j8 -l8
[20.067s] Invoking command in '/home/ubuntu/Projects/UnitreeGo2/sdk_ws/build/unitree_api': CMAKE_PREFIX_PATH=${CMAKE_PREFIX_PATH}:/home/ubuntu/Projects/UnitreeGo2/ros2_ws/install/go2_robot_sdk:/home/ubuntu/Projects/UnitreeGo2/ros2_ws/install/unitree_go:/home/ubuntu/Projects/UnitreeGo2/ros2_ws/install/unitree_api:/home/ubuntu/Projects/UnitreeGo2/ros2_ws/install/pointcloud2_aggregator:/home/ubuntu/Projects/UnitreeGo2/ros2_ws/install/go2_stair_zone_filter:/home/ubuntu/Projects/UnitreeGo2/ros2_ws/install/go2_interfaces:/opt/ros/humble /home/ubuntu/.local/bin/cmake --install /home/ubuntu/Projects/UnitreeGo2/sdk_ws/build/unitree_api
[20.277s] -- Install configuration: ""
[20.280s] -- Execute custom install script
[20.281s] -- Symlinking: /home/ubuntu/Projects/UnitreeGo2/sdk_ws/install/unitree_api/share/ament_index/resource_index/rosidl_interfaces/unitree_api
[20.302s] -- Symlinking: /home/ubuntu/Projects/UnitreeGo2/sdk_ws/install/unitree_api/include/unitree_api/unitree_api/msg/detail/request__functions.h
[20.312s] -- Symlinking: /home/ubuntu/Projects/UnitreeGo2/sdk_ws/install/unitree_api/include/unitree_api/unitree_api/msg/detail/request__struct.h
[20.321s] -- Symlinking: /home/ubuntu/Projects/UnitreeGo2/sdk_ws/install/unitree_api/include/unitree_api/unitree_api/msg/detail/request__type_support.h
[20.337s] -- Symlinking: /home/ubuntu/Projects/UnitreeGo2/sdk_ws/install/unitree_api/include/unitree_api/unitree_api/msg/detail/request_header__functions.h
[20.351s] -- Symlinking: /home/ubuntu/Projects/UnitreeGo2/sdk_ws/install/unitree_api/include/unitree_api/unitree_api/msg/detail/request_header__struct.h
[20.365s] -- Symlinking: /home/ubuntu/Projects/UnitreeGo2/sdk_ws/install/unitree_api/include/unitree_api/unitree_api/msg/detail/request_header__type_support.h
[20.374s] -- Symlinking: /home/ubuntu/Projects/UnitreeGo2/sdk_ws/install/unitree_api/include/unitree_api/unitree_api/msg/detail/request_identity__functions.h
[20.391s] -- Symlinking: /home/ubuntu/Projects/UnitreeGo2/sdk_ws/install/unitree_api/include/unitree_api/unitree_api/msg/detail/request_identity__struct.h
[20.402s] -- Symlinking: /home/ubuntu/Projects/UnitreeGo2/sdk_ws/install/unitree_api/include/unitree_api/unitree_api/msg/detail/request_identity__type_support.h
[20.416s] -- Symlinking: /home/ubuntu/Projects/UnitreeGo2/sdk_ws/install/unitree_api/include/unitree_api/unitree_api/msg/detail/request_lease__functions.h
[20.431s] -- Symlinking: /home/ubuntu/Projects/UnitreeGo2/sdk_ws/install/unitree_api/include/unitree_api/unitree_api/msg/detail/request_lease__struct.h
[20.442s] -- Symlinking: /home/ubuntu/Projects/UnitreeGo2/sdk_ws/install/unitree_api/include/unitree_api/unitree_api/msg/detail/request_lease__type_support.h
[20.453s] -- Symlinking: /home/ubuntu/Projects/UnitreeGo2/sdk_ws/install/unitree_api/include/unitree_api/unitree_api/msg/detail/request_policy__functions.h
[20.461s] -- Symlinking: /home/ubuntu/Projects/UnitreeGo2/sdk_ws/install/unitree_api/include/unitree_api/unitree_api/msg/detail/request_policy__struct.h
[20.469s] -- Symlinking: /home/ubuntu/Projects/UnitreeGo2/sdk_ws/install/unitree_api/include/unitree_api/unitree_api/msg/detail/request_policy__type_support.h
[20.480s] -- Symlinking: /home/ubuntu/Projects/UnitreeGo2/sdk_ws/install/unitree_api/include/unitree_api/unitree_api/msg/detail/response__functions.h
[20.491s] -- Symlinking: /home/ubuntu/Projects/UnitreeGo2/sdk_ws/install/unitree_api/include/unitree_api/unitree_api/msg/detail/response__struct.h
[20.500s] -- Symlinking: /home/ubuntu/Projects/UnitreeGo2/sdk_ws/install/unitree_api/include/unitree_api/unitree_api/msg/detail/response__type_support.h
[20.520s] -- Symlinking: /home/ubuntu/Projects/UnitreeGo2/sdk_ws/install/unitree_api/include/unitree_api/unitree_api/msg/detail/response_header__functions.h
[20.526s] -- Symlinking: /home/ubuntu/Projects/UnitreeGo2/sdk_ws/install/unitree_api/include/unitree_api/unitree_api/msg/detail/response_header__struct.h
[20.535s] -- Symlinking: /home/ubuntu/Projects/UnitreeGo2/sdk_ws/install/unitree_api/include/unitree_api/unitree_api/msg/detail/response_header__type_support.h
[20.552s] -- Symlinking: /home/ubuntu/Projects/UnitreeGo2/sdk_ws/install/unitree_api/include/unitree_api/unitree_api/msg/detail/response_status__functions.h
[20.567s] -- Symlinking: /home/ubuntu/Projects/UnitreeGo2/sdk_ws/install/unitree_api/include/unitree_api/unitree_api/msg/detail/response_status__struct.h
[20.583s] -- Symlinking: /home/ubuntu/Projects/UnitreeGo2/sdk_ws/install/unitree_api/include/unitree_api/unitree_api/msg/detail/response_status__type_support.h
[20.592s] -- Symlinking: /home/ubuntu/Projects/UnitreeGo2/sdk_ws/install/unitree_api/include/unitree_api/unitree_api/msg/request.h
[20.620s] -- Symlinking: /home/ubuntu/Projects/UnitreeGo2/sdk_ws/install/unitree_api/include/unitree_api/unitree_api/msg/request_header.h
[20.638s] -- Symlinking: /home/ubuntu/Projects/UnitreeGo2/sdk_ws/install/unitree_api/include/unitree_api/unitree_api/msg/request_identity.h
[20.660s] -- Symlinking: /home/ubuntu/Projects/UnitreeGo2/sdk_ws/install/unitree_api/include/unitree_api/unitree_api/msg/request_lease.h
[20.673s] -- Symlinking: /home/ubuntu/Projects/UnitreeGo2/sdk_ws/install/unitree_api/include/unitree_api/unitree_api/msg/request_policy.h
[20.691s] -- Symlinking: /home/ubuntu/Projects/UnitreeGo2/sdk_ws/install/unitree_api/include/unitree_api/unitree_api/msg/response.h
[20.710s] -- Symlinking: /home/ubuntu/Projects/UnitreeGo2/sdk_ws/install/unitree_api/include/unitree_api/unitree_api/msg/response_header.h
[20.726s] -- Symlinking: /home/ubuntu/Projects/UnitreeGo2/sdk_ws/install/unitree_api/include/unitree_api/unitree_api/msg/response_status.h
[20.742s] -- Symlinking: /home/ubuntu/Projects/UnitreeGo2/sdk_ws/install/unitree_api/include/unitree_api/unitree_api/msg/rosidl_generator_c__visibility_control.h
[20.757s] -- Symlinking: /home/ubuntu/Projects/UnitreeGo2/sdk_ws/install/unitree_api/share/unitree_api/environment/library_path.sh
[20.773s] -- Symlinking: /home/ubuntu/Projects/UnitreeGo2/sdk_ws/install/unitree_api/share/unitree_api/environment/library_path.dsv
[20.785s] -- Symlinking: /home/ubuntu/Projects/UnitreeGo2/sdk_ws/install/unitree_api/include/unitree_api/unitree_api/msg/detail/request__rosidl_typesupport_fastrtps_c.h
[20.798s] -- Symlinking: /home/ubuntu/Projects/UnitreeGo2/sdk_ws/install/unitree_api/include/unitree_api/unitree_api/msg/detail/request_header__rosidl_typesupport_fastrtps_c.h
[20.816s] -- Symlinking: /home/ubuntu/Projects/UnitreeGo2/sdk_ws/install/unitree_api/include/unitree_api/unitree_api/msg/detail/request_identity__rosidl_typesupport_fastrtps_c.h
[20.833s] -- Symlinking: /home/ubuntu/Projects/UnitreeGo2/sdk_ws/install/unitree_api/include/unitree_api/unitree_api/msg/detail/request_lease__rosidl_typesupport_fastrtps_c.h
[20.850s] -- Symlinking: /home/ubuntu/Projects/UnitreeGo2/sdk_ws/install/unitree_api/include/unitree_api/unitree_api/msg/detail/request_policy__rosidl_typesupport_fastrtps_c.h
[20.865s] -- Symlinking: /home/ubuntu/Projects/UnitreeGo2/sdk_ws/install/unitree_api/include/unitree_api/unitree_api/msg/detail/response__rosidl_typesupport_fastrtps_c.h
[20.878s] -- Symlinking: /home/ubuntu/Projects/UnitreeGo2/sdk_ws/install/unitree_api/include/unitree_api/unitree_api/msg/detail/response_header__rosidl_typesupport_fastrtps_c.h
[20.889s] -- Symlinking: /home/ubuntu/Projects/UnitreeGo2/sdk_ws/install/unitree_api/include/unitree_api/unitree_api/msg/detail/response_status__rosidl_typesupport_fastrtps_c.h
[20.911s] -- Symlinking: /home/ubuntu/Projects/UnitreeGo2/sdk_ws/install/unitree_api/include/unitree_api/unitree_api/msg/rosidl_typesupport_fastrtps_c__visibility_control.h
[20.952s] -- Symlinking: /home/ubuntu/Projects/UnitreeGo2/sdk_ws/install/unitree_api/include/unitree_api/unitree_api/msg/detail/request__builder.hpp
[20.971s] -- Symlinking: /home/ubuntu/Projects/UnitreeGo2/sdk_ws/install/unitree_api/include/unitree_api/unitree_api/msg/detail/request__struct.hpp
[20.995s] -- Symlinking: /home/ubuntu/Projects/UnitreeGo2/sdk_ws/install/unitree_api/include/unitree_api/unitree_api/msg/detail/request__traits.hpp
[21.010s] -- Symlinking: /home/ubuntu/Projects/UnitreeGo2/sdk_ws/install/unitree_api/include/unitree_api/unitree_api/msg/detail/request__type_support.hpp
[21.022s] -- Symlinking: /home/ubuntu/Projects/UnitreeGo2/sdk_ws/install/unitree_api/include/unitree_api/unitree_api/msg/detail/request_header__builder.hpp
[21.031s] -- Symlinking: /home/ubuntu/Projects/UnitreeGo2/sdk_ws/install/unitree_api/include/unitree_api/unitree_api/msg/detail/request_header__struct.hpp
[21.043s] -- Symlinking: /home/ubuntu/Projects/UnitreeGo2/sdk_ws/install/unitree_api/include/unitree_api/unitree_api/msg/detail/request_header__traits.hpp
[21.050s] -- Symlinking: /home/ubuntu/Projects/UnitreeGo2/sdk_ws/install/unitree_api/include/unitree_api/unitree_api/msg/detail/request_header__type_support.hpp
[21.061s] -- Symlinking: /home/ubuntu/Projects/UnitreeGo2/sdk_ws/install/unitree_api/include/unitree_api/unitree_api/msg/detail/request_identity__builder.hpp
[21.071s] -- Symlinking: /home/ubuntu/Projects/UnitreeGo2/sdk_ws/install/unitree_api/include/unitree_api/unitree_api/msg/detail/request_identity__struct.hpp
[21.091s] -- Symlinking: /home/ubuntu/Projects/UnitreeGo2/sdk_ws/install/unitree_api/include/unitree_api/unitree_api/msg/detail/request_identity__traits.hpp
[21.115s] -- Symlinking: /home/ubuntu/Projects/UnitreeGo2/sdk_ws/install/unitree_api/include/unitree_api/unitree_api/msg/detail/request_identity__type_support.hpp
[21.132s] -- Symlinking: /home/ubuntu/Projects/UnitreeGo2/sdk_ws/install/unitree_api/include/unitree_api/unitree_api/msg/detail/request_lease__builder.hpp
[21.149s] -- Symlinking: /home/ubuntu/Projects/UnitreeGo2/sdk_ws/install/unitree_api/include/unitree_api/unitree_api/msg/detail/request_lease__struct.hpp
[21.164s] -- Symlinking: /home/ubuntu/Projects/UnitreeGo2/sdk_ws/install/unitree_api/include/unitree_api/unitree_api/msg/detail/request_lease__traits.hpp
[21.180s] -- Symlinking: /home/ubuntu/Projects/UnitreeGo2/sdk_ws/install/unitree_api/include/unitree_api/unitree_api/msg/detail/request_lease__type_support.hpp
[21.196s] -- Symlinking: /home/ubuntu/Projects/UnitreeGo2/sdk_ws/install/unitree_api/include/unitree_api/unitree_api/msg/detail/request_policy__builder.hpp
[21.215s] -- Symlinking: /home/ubuntu/Projects/UnitreeGo2/sdk_ws/install/unitree_api/include/unitree_api/unitree_api/msg/detail/request_policy__struct.hpp
[21.224s] -- Symlinking: /home/ubuntu/Projects/UnitreeGo2/sdk_ws/install/unitree_api/include/unitree_api/unitree_api/msg/detail/request_policy__traits.hpp
[21.238s] -- Symlinking: /home/ubuntu/Projects/UnitreeGo2/sdk_ws/install/unitree_api/include/unitree_api/unitree_api/msg/detail/request_policy__type_support.hpp
[21.252s] -- Symlinking: /home/ubuntu/Projects/UnitreeGo2/sdk_ws/install/unitree_api/include/unitree_api/unitree_api/msg/detail/response__builder.hpp
[21.262s] -- Symlinking: /home/ubuntu/Projects/UnitreeGo2/sdk_ws/install/unitree_api/include/unitree_api/unitree_api/msg/detail/response__struct.hpp
[21.270s] -- Symlinking: /home/ubuntu/Projects/UnitreeGo2/sdk_ws/install/unitree_api/include/unitree_api/unitree_api/msg/detail/response__traits.hpp
[21.286s] -- Symlinking: /home/ubuntu/Projects/UnitreeGo2/sdk_ws/install/unitree_api/include/unitree_api/unitree_api/msg/detail/response__type_support.hpp
[21.295s] -- Symlinking: /home/ubuntu/Projects/UnitreeGo2/sdk_ws/install/unitree_api/include/unitree_api/unitree_api/msg/detail/response_header__builder.hpp
[21.308s] -- Symlinking: /home/ubuntu/Projects/UnitreeGo2/sdk_ws/install/unitree_api/include/unitree_api/unitree_api/msg/detail/response_header__struct.hpp
[21.316s] -- Symlinking: /home/ubuntu/Projects/UnitreeGo2/sdk_ws/install/unitree_api/include/unitree_api/unitree_api/msg/detail/response_header__traits.hpp
[21.338s] -- Symlinking: /home/ubuntu/Projects/UnitreeGo2/sdk_ws/install/unitree_api/include/unitree_api/unitree_api/msg/detail/response_header__type_support.hpp
[21.346s] -- Symlinking: /home/ubuntu/Projects/UnitreeGo2/sdk_ws/install/unitree_api/include/unitree_api/unitree_api/msg/detail/response_status__builder.hpp
[21.356s] -- Symlinking: /home/ubuntu/Projects/UnitreeGo2/sdk_ws/install/unitree_api/include/unitree_api/unitree_api/msg/detail/response_status__struct.hpp
[21.375s] -- Symlinking: /home/ubuntu/Projects/UnitreeGo2/sdk_ws/install/unitree_api/include/unitree_api/unitree_api/msg/detail/response_status__traits.hpp
[21.392s] -- Symlinking: /home/ubuntu/Projects/UnitreeGo2/sdk_ws/install/unitree_api/include/unitree_api/unitree_api/msg/detail/response_status__type_support.hpp
[21.404s] -- Symlinking: /home/ubuntu/Projects/UnitreeGo2/sdk_ws/install/unitree_api/include/unitree_api/unitree_api/msg/request.hpp
[21.421s] -- Symlinking: /home/ubuntu/Projects/UnitreeGo2/sdk_ws/install/unitree_api/include/unitree_api/unitree_api/msg/request_header.hpp
[21.436s] -- Symlinking: /home/ubuntu/Projects/UnitreeGo2/sdk_ws/install/unitree_api/include/unitree_api/unitree_api/msg/request_identity.hpp
[21.452s] -- Symlinking: /home/ubuntu/Projects/UnitreeGo2/sdk_ws/install/unitree_api/include/unitree_api/unitree_api/msg/request_lease.hpp
[21.466s] -- Symlinking: /home/ubuntu/Projects/UnitreeGo2/sdk_ws/install/unitree_api/include/unitree_api/unitree_api/msg/request_policy.hpp
[21.481s] -- Symlinking: /home/ubuntu/Projects/UnitreeGo2/sdk_ws/install/unitree_api/include/unitree_api/unitree_api/msg/response.hpp
[21.499s] -- Symlinking: /home/ubuntu/Projects/UnitreeGo2/sdk_ws/install/unitree_api/include/unitree_api/unitree_api/msg/response_header.hpp
[21.514s] -- Symlinking: /home/ubuntu/Projects/UnitreeGo2/sdk_ws/install/unitree_api/include/unitree_api/unitree_api/msg/response_status.hpp
[21.528s] -- Symlinking: /home/ubuntu/Projects/UnitreeGo2/sdk_ws/install/unitree_api/include/unitree_api/unitree_api/msg/rosidl_generator_cpp__visibility_control.hpp
[21.561s] -- Symlinking: /home/ubuntu/Projects/UnitreeGo2/sdk_ws/install/unitree_api/include/unitree_api/unitree_api/msg/detail/request__rosidl_typesupport_fastrtps_cpp.hpp
[21.595s] -- Symlinking: /home/ubuntu/Projects/UnitreeGo2/sdk_ws/install/unitree_api/include/unitree_api/unitree_api/msg/detail/request_header__rosidl_typesupport_fastrtps_cpp.hpp
[21.625s] -- Symlinking: /home/ubuntu/Projects/UnitreeGo2/sdk_ws/install/unitree_api/include/unitree_api/unitree_api/msg/detail/request_identity__rosidl_typesupport_fastrtps_cpp.hpp
[21.626s] -- Symlinking: /home/ubuntu/Projects/UnitreeGo2/sdk_ws/install/unitree_api/include/unitree_api/unitree_api/msg/detail/request_lease__rosidl_typesupport_fastrtps_cpp.hpp
[21.634s] -- Symlinking: /home/ubuntu/Projects/UnitreeGo2/sdk_ws/install/unitree_api/include/unitree_api/unitree_api/msg/detail/request_policy__rosidl_typesupport_fastrtps_cpp.hpp
[21.643s] -- Symlinking: /home/ubuntu/Projects/UnitreeGo2/sdk_ws/install/unitree_api/include/unitree_api/unitree_api/msg/detail/response__rosidl_typesupport_fastrtps_cpp.hpp
[21.651s] -- Symlinking: /home/ubuntu/Projects/UnitreeGo2/sdk_ws/install/unitree_api/include/unitree_api/unitree_api/msg/detail/response_header__rosidl_typesupport_fastrtps_cpp.hpp
[21.662s] -- Symlinking: /home/ubuntu/Projects/UnitreeGo2/sdk_ws/install/unitree_api/include/unitree_api/unitree_api/msg/detail/response_status__rosidl_typesupport_fastrtps_cpp.hpp
[21.670s] -- Symlinking: /home/ubuntu/Projects/UnitreeGo2/sdk_ws/install/unitree_api/include/unitree_api/unitree_api/msg/rosidl_typesupport_fastrtps_cpp__visibility_control.h
[21.678s] -- Symlinking: /home/ubuntu/Projects/UnitreeGo2/sdk_ws/install/unitree_api/include/unitree_api/unitree_api/msg/detail/request__rosidl_typesupport_introspection_c.h
[21.687s] -- Symlinking: /home/ubuntu/Projects/UnitreeGo2/sdk_ws/install/unitree_api/include/unitree_api/unitree_api/msg/detail/request_header__rosidl_typesupport_introspection_c.h
[21.699s] -- Symlinking: /home/ubuntu/Projects/UnitreeGo2/sdk_ws/install/unitree_api/include/unitree_api/unitree_api/msg/detail/request_identity__rosidl_typesupport_introspection_c.h
[21.710s] -- Symlinking: /home/ubuntu/Projects/UnitreeGo2/sdk_ws/install/unitree_api/include/unitree_api/unitree_api/msg/detail/request_lease__rosidl_typesupport_introspection_c.h
[21.720s] -- Symlinking: /home/ubuntu/Projects/UnitreeGo2/sdk_ws/install/unitree_api/include/unitree_api/unitree_api/msg/detail/request_policy__rosidl_typesupport_introspection_c.h
[21.736s] -- Symlinking: /home/ubuntu/Projects/UnitreeGo2/sdk_ws/install/unitree_api/include/unitree_api/unitree_api/msg/detail/response__rosidl_typesupport_introspection_c.h
[21.753s] -- Symlinking: /home/ubuntu/Projects/UnitreeGo2/sdk_ws/install/unitree_api/include/unitree_api/unitree_api/msg/detail/response_header__rosidl_typesupport_introspection_c.h
[21.761s] -- Symlinking: /home/ubuntu/Projects/UnitreeGo2/sdk_ws/install/unitree_api/include/unitree_api/unitree_api/msg/detail/response_status__rosidl_typesupport_introspection_c.h
[21.771s] -- Symlinking: /home/ubuntu/Projects/UnitreeGo2/sdk_ws/install/unitree_api/include/unitree_api/unitree_api/msg/rosidl_typesupport_introspection_c__visibility_control.h
[21.790s] -- Symlinking: /home/ubuntu/Projects/UnitreeGo2/sdk_ws/install/unitree_api/include/unitree_api/unitree_api/msg/detail/request__rosidl_typesupport_introspection_cpp.hpp
[21.808s] -- Symlinking: /home/ubuntu/Projects/UnitreeGo2/sdk_ws/install/unitree_api/include/unitree_api/unitree_api/msg/detail/request_header__rosidl_typesupport_introspection_cpp.hpp
[21.816s] -- Symlinking: /home/ubuntu/Projects/UnitreeGo2/sdk_ws/install/unitree_api/include/unitree_api/unitree_api/msg/detail/request_identity__rosidl_typesupport_introspection_cpp.hpp
[21.826s] -- Symlinking: /home/ubuntu/Projects/UnitreeGo2/sdk_ws/install/unitree_api/include/unitree_api/unitree_api/msg/detail/request_lease__rosidl_typesupport_introspection_cpp.hpp
[21.841s] -- Symlinking: /home/ubuntu/Projects/UnitreeGo2/sdk_ws/install/unitree_api/include/unitree_api/unitree_api/msg/detail/request_policy__rosidl_typesupport_introspection_cpp.hpp
[21.849s] -- Symlinking: /home/ubuntu/Projects/UnitreeGo2/sdk_ws/install/unitree_api/include/unitree_api/unitree_api/msg/detail/response__rosidl_typesupport_introspection_cpp.hpp
[21.857s] -- Symlinking: /home/ubuntu/Projects/UnitreeGo2/sdk_ws/install/unitree_api/include/unitree_api/unitree_api/msg/detail/response_header__rosidl_typesupport_introspection_cpp.hpp
[21.869s] -- Symlinking: /home/ubuntu/Projects/UnitreeGo2/sdk_ws/install/unitree_api/include/unitree_api/unitree_api/msg/detail/response_status__rosidl_typesupport_introspection_cpp.hpp
[21.886s] -- Symlinking: /home/ubuntu/Projects/UnitreeGo2/sdk_ws/install/unitree_api/share/unitree_api/environment/pythonpath.sh
[21.895s] -- Symlinking: /home/ubuntu/Projects/UnitreeGo2/sdk_ws/install/unitree_api/share/unitree_api/environment/pythonpath.dsv
[21.908s] -- Symlinking: /home/ubuntu/Projects/UnitreeGo2/sdk_ws/install/unitree_api/local/lib/python3.10/dist-packages/unitree_api-0.0.0-py3.10.egg-info/PKG-INFO
[21.923s] -- Symlinking: /home/ubuntu/Projects/UnitreeGo2/sdk_ws/install/unitree_api/local/lib/python3.10/dist-packages/unitree_api-0.0.0-py3.10.egg-info/SOURCES.txt
[21.939s] -- Symlinking: /home/ubuntu/Projects/UnitreeGo2/sdk_ws/install/unitree_api/local/lib/python3.10/dist-packages/unitree_api-0.0.0-py3.10.egg-info/dependency_links.txt
[21.959s] -- Symlinking: /home/ubuntu/Projects/UnitreeGo2/sdk_ws/install/unitree_api/local/lib/python3.10/dist-packages/unitree_api-0.0.0-py3.10.egg-info/top_level.txt
[21.977s] -- Symlinking: /home/ubuntu/Projects/UnitreeGo2/sdk_ws/install/unitree_api/local/lib/python3.10/dist-packages/unitree_api/__init__.py
[21.994s] -- Symlinking: /home/ubuntu/Projects/UnitreeGo2/sdk_ws/install/unitree_api/local/lib/python3.10/dist-packages/unitree_api/_unitree_api_s.ep.rosidl_typesupport_c.c
[22.011s] -- Symlinking: /home/ubuntu/Projects/UnitreeGo2/sdk_ws/install/unitree_api/local/lib/python3.10/dist-packages/unitree_api/_unitree_api_s.ep.rosidl_typesupport_fastrtps_c.c
[22.024s] -- Symlinking: /home/ubuntu/Projects/UnitreeGo2/sdk_ws/install/unitree_api/local/lib/python3.10/dist-packages/unitree_api/_unitree_api_s.ep.rosidl_typesupport_introspection_c.c
[22.041s] -- Symlinking: /home/ubuntu/Projects/UnitreeGo2/sdk_ws/install/unitree_api/local/lib/python3.10/dist-packages/unitree_api/libunitree_api__rosidl_generator_py.so
[22.061s] -- Symlinking: /home/ubuntu/Projects/UnitreeGo2/sdk_ws/install/unitree_api/local/lib/python3.10/dist-packages/unitree_api/msg/__init__.py
[22.074s] -- Symlinking: /home/ubuntu/Projects/UnitreeGo2/sdk_ws/install/unitree_api/local/lib/python3.10/dist-packages/unitree_api/msg/_request.py
[22.085s] -- Symlinking: /home/ubuntu/Projects/UnitreeGo2/sdk_ws/install/unitree_api/local/lib/python3.10/dist-packages/unitree_api/msg/_request_header.py
[22.093s] -- Symlinking: /home/ubuntu/Projects/UnitreeGo2/sdk_ws/install/unitree_api/local/lib/python3.10/dist-packages/unitree_api/msg/_request_header_s.c
[22.110s] -- Symlinking: /home/ubuntu/Projects/UnitreeGo2/sdk_ws/install/unitree_api/local/lib/python3.10/dist-packages/unitree_api/msg/_request_identity.py
[22.122s] -- Symlinking: /home/ubuntu/Projects/UnitreeGo2/sdk_ws/install/unitree_api/local/lib/python3.10/dist-packages/unitree_api/msg/_request_identity_s.c
[22.133s] -- Symlinking: /home/ubuntu/Projects/UnitreeGo2/sdk_ws/install/unitree_api/local/lib/python3.10/dist-packages/unitree_api/msg/_request_lease.py
[22.142s] -- Symlinking: /home/ubuntu/Projects/UnitreeGo2/sdk_ws/install/unitree_api/local/lib/python3.10/dist-packages/unitree_api/msg/_request_lease_s.c
[22.148s] -- Symlinking: /home/ubuntu/Projects/UnitreeGo2/sdk_ws/install/unitree_api/local/lib/python3.10/dist-packages/unitree_api/msg/_request_policy.py
[22.157s] -- Symlinking: /home/ubuntu/Projects/UnitreeGo2/sdk_ws/install/unitree_api/local/lib/python3.10/dist-packages/unitree_api/msg/_request_policy_s.c
[22.166s] -- Symlinking: /home/ubuntu/Projects/UnitreeGo2/sdk_ws/install/unitree_api/local/lib/python3.10/dist-packages/unitree_api/msg/_request_s.c
[22.189s] -- Symlinking: /home/ubuntu/Projects/UnitreeGo2/sdk_ws/install/unitree_api/local/lib/python3.10/dist-packages/unitree_api/msg/_response.py
[22.193s] -- Symlinking: /home/ubuntu/Projects/UnitreeGo2/sdk_ws/install/unitree_api/local/lib/python3.10/dist-packages/unitree_api/msg/_response_header.py
[22.209s] -- Symlinking: /home/ubuntu/Projects/UnitreeGo2/sdk_ws/install/unitree_api/local/lib/python3.10/dist-packages/unitree_api/msg/_response_header_s.c
[22.226s] -- Symlinking: /home/ubuntu/Projects/UnitreeGo2/sdk_ws/install/unitree_api/local/lib/python3.10/dist-packages/unitree_api/msg/_response_s.c
[22.248s] -- Symlinking: /home/ubuntu/Projects/UnitreeGo2/sdk_ws/install/unitree_api/local/lib/python3.10/dist-packages/unitree_api/msg/_response_status.py
[22.263s] -- Symlinking: /home/ubuntu/Projects/UnitreeGo2/sdk_ws/install/unitree_api/local/lib/python3.10/dist-packages/unitree_api/msg/_response_status_s.c
[22.278s] -- Symlinking: /home/ubuntu/Projects/UnitreeGo2/sdk_ws/install/unitree_api/local/lib/python3.10/dist-packages/unitree_api/unitree_api_s__rosidl_typesupport_c.cpython-310-x86_64-linux-gnu.so
[22.283s] -- Symlinking: /home/ubuntu/Projects/UnitreeGo2/sdk_ws/install/unitree_api/local/lib/python3.10/dist-packages/unitree_api/unitree_api_s__rosidl_typesupport_fastrtps_c.cpython-310-x86_64-linux-gnu.so
[22.293s] -- Symlinking: /home/ubuntu/Projects/UnitreeGo2/sdk_ws/install/unitree_api/local/lib/python3.10/dist-packages/unitree_api/unitree_api_s__rosidl_typesupport_introspection_c.cpython-310-x86_64-linux-gnu.so
[22.306s] -- Up-to-date symlink: /home/ubuntu/Projects/UnitreeGo2/sdk_ws/install/unitree_api/local/lib/python3.10/dist-packages/unitree_api/unitree_api_s__rosidl_typesupport_fastrtps_c.cpython-310-x86_64-linux-gnu.so
[22.307s] -- Up-to-date symlink: /home/ubuntu/Projects/UnitreeGo2/sdk_ws/install/unitree_api/local/lib/python3.10/dist-packages/unitree_api/unitree_api_s__rosidl_typesupport_introspection_c.cpython-310-x86_64-linux-gnu.so
[22.308s] -- Up-to-date symlink: /home/ubuntu/Projects/UnitreeGo2/sdk_ws/install/unitree_api/local/lib/python3.10/dist-packages/unitree_api/unitree_api_s__rosidl_typesupport_c.cpython-310-x86_64-linux-gnu.so
[22.310s] -- Symlinking: /home/ubuntu/Projects/UnitreeGo2/sdk_ws/install/unitree_api/share/ament_index/resource_index/rust_packages/unitree_api
[22.326s] -- Symlinking: /home/ubuntu/Projects/UnitreeGo2/sdk_ws/install/unitree_api/share/unitree_api/rust/Cargo.toml
[22.334s] -- Symlinking: /home/ubuntu/Projects/UnitreeGo2/sdk_ws/install/unitree_api/share/unitree_api/rust/build.rs
[22.344s] -- Symlinking: /home/ubuntu/Projects/UnitreeGo2/sdk_ws/install/unitree_api/share/unitree_api/rust/src/lib.rs
[22.354s] -- Symlinking: /home/ubuntu/Projects/UnitreeGo2/sdk_ws/install/unitree_api/share/unitree_api/rust/src/msg.rs
[22.361s] -- Symlinking: /home/ubuntu/Projects/UnitreeGo2/sdk_ws/install/unitree_api/share/unitree_api/rust/src/msg/rmw.rs
[22.370s] -- Symlinking: /home/ubuntu/Projects/UnitreeGo2/sdk_ws/install/unitree_api/share/unitree_api/msg/Request.idl
[22.379s] -- Symlinking: /home/ubuntu/Projects/UnitreeGo2/sdk_ws/install/unitree_api/share/unitree_api/msg/RequestHeader.idl
[22.391s] -- Symlinking: /home/ubuntu/Projects/UnitreeGo2/sdk_ws/install/unitree_api/share/unitree_api/msg/RequestIdentity.idl
[22.399s] -- Symlinking: /home/ubuntu/Projects/UnitreeGo2/sdk_ws/install/unitree_api/share/unitree_api/msg/RequestLease.idl
[22.409s] -- Symlinking: /home/ubuntu/Projects/UnitreeGo2/sdk_ws/install/unitree_api/share/unitree_api/msg/RequestPolicy.idl
[22.420s] -- Symlinking: /home/ubuntu/Projects/UnitreeGo2/sdk_ws/install/unitree_api/share/unitree_api/msg/Response.idl
[22.430s] -- Symlinking: /home/ubuntu/Projects/UnitreeGo2/sdk_ws/install/unitree_api/share/unitree_api/msg/ResponseHeader.idl
[22.439s] -- Symlinking: /home/ubuntu/Projects/UnitreeGo2/sdk_ws/install/unitree_api/share/unitree_api/msg/ResponseStatus.idl
[22.451s] -- Symlinking: /home/ubuntu/Projects/UnitreeGo2/sdk_ws/install/unitree_api/share/unitree_api/msg/Request.msg
[22.470s] -- Symlinking: /home/ubuntu/Projects/UnitreeGo2/sdk_ws/install/unitree_api/share/unitree_api/msg/RequestHeader.msg
[22.474s] -- Symlinking: /home/ubuntu/Projects/UnitreeGo2/sdk_ws/install/unitree_api/share/unitree_api/msg/RequestIdentity.msg
[22.485s] -- Symlinking: /home/ubuntu/Projects/UnitreeGo2/sdk_ws/install/unitree_api/share/unitree_api/msg/RequestLease.msg
[22.493s] -- Symlinking: /home/ubuntu/Projects/UnitreeGo2/sdk_ws/install/unitree_api/share/unitree_api/msg/RequestPolicy.msg
[22.502s] -- Symlinking: /home/ubuntu/Projects/UnitreeGo2/sdk_ws/install/unitree_api/share/unitree_api/msg/Response.msg
[22.510s] -- Symlinking: /home/ubuntu/Projects/UnitreeGo2/sdk_ws/install/unitree_api/share/unitree_api/msg/ResponseHeader.msg
[22.518s] -- Symlinking: /home/ubuntu/Projects/UnitreeGo2/sdk_ws/install/unitree_api/share/unitree_api/msg/ResponseStatus.msg
[22.527s] -- Symlinking: /home/ubuntu/Projects/UnitreeGo2/sdk_ws/install/unitree_api/share/unitree_api/msg/dds_connext/RequestHeader_.idl
[22.538s] -- Symlinking: /home/ubuntu/Projects/UnitreeGo2/sdk_ws/install/unitree_api/share/unitree_api/msg/dds_connext/RequestIdentity_.idl
[22.553s] -- Symlinking: /home/ubuntu/Projects/UnitreeGo2/sdk_ws/install/unitree_api/share/unitree_api/msg/dds_connext/RequestLease_.idl
[22.561s] -- Symlinking: /home/ubuntu/Projects/UnitreeGo2/sdk_ws/install/unitree_api/share/unitree_api/msg/dds_connext/RequestPolicy_.idl
[22.570s] -- Symlinking: /home/ubuntu/Projects/UnitreeGo2/sdk_ws/install/unitree_api/share/unitree_api/msg/dds_connext/Request_.idl
[22.583s] -- Symlinking: /home/ubuntu/Projects/UnitreeGo2/sdk_ws/install/unitree_api/share/unitree_api/msg/dds_connext/ResponseHeader_.idl
[22.595s] -- Symlinking: /home/ubuntu/Projects/UnitreeGo2/sdk_ws/install/unitree_api/share/unitree_api/msg/dds_connext/ResponseStatus_.idl
[22.601s] -- Symlinking: /home/ubuntu/Projects/UnitreeGo2/sdk_ws/install/unitree_api/share/unitree_api/msg/dds_connext/Response_.idl
[22.610s] -- Symlinking: /home/ubuntu/Projects/UnitreeGo2/sdk_ws/install/unitree_api/share/ament_index/resource_index/package_run_dependencies/unitree_api
[22.624s] -- Symlinking: /home/ubuntu/Projects/UnitreeGo2/sdk_ws/install/unitree_api/share/ament_index/resource_index/parent_prefix_path/unitree_api
[22.635s] -- Symlinking: /home/ubuntu/Projects/UnitreeGo2/sdk_ws/install/unitree_api/share/unitree_api/environment/ament_prefix_path.sh
[22.654s] -- Symlinking: /home/ubuntu/Projects/UnitreeGo2/sdk_ws/install/unitree_api/share/unitree_api/environment/ament_prefix_path.dsv
[22.671s] -- Symlinking: /home/ubuntu/Projects/UnitreeGo2/sdk_ws/install/unitree_api/share/unitree_api/environment/path.sh
[22.682s] -- Symlinking: /home/ubuntu/Projects/UnitreeGo2/sdk_ws/install/unitree_api/share/unitree_api/environment/path.dsv
[22.701s] -- Symlinking: /home/ubuntu/Projects/UnitreeGo2/sdk_ws/install/unitree_api/share/unitree_api/local_setup.bash
[22.704s] -- Symlinking: /home/ubuntu/Projects/UnitreeGo2/sdk_ws/install/unitree_api/share/unitree_api/local_setup.sh
[22.713s] -- Symlinking: /home/ubuntu/Projects/UnitreeGo2/sdk_ws/install/unitree_api/share/unitree_api/local_setup.zsh
[22.722s] -- Symlinking: /home/ubuntu/Projects/UnitreeGo2/sdk_ws/install/unitree_api/share/unitree_api/local_setup.dsv
[22.731s] -- Symlinking: /home/ubuntu/Projects/UnitreeGo2/sdk_ws/install/unitree_api/share/unitree_api/package.dsv
[22.740s] -- Symlinking: /home/ubuntu/Projects/UnitreeGo2/sdk_ws/install/unitree_api/share/ament_index/resource_index/packages/unitree_api
[22.749s] -- Symlinking: /home/ubuntu/Projects/UnitreeGo2/sdk_ws/install/unitree_api/share/unitree_api/cmake/rosidl_cmake-extras.cmake
[22.761s] -- Symlinking: /home/ubuntu/Projects/UnitreeGo2/sdk_ws/install/unitree_api/share/unitree_api/cmake/ament_cmake_export_dependencies-extras.cmake
[22.773s] -- Symlinking: /home/ubuntu/Projects/UnitreeGo2/sdk_ws/install/unitree_api/share/unitree_api/cmake/ament_cmake_export_include_directories-extras.cmake
[22.779s] -- Symlinking: /home/ubuntu/Projects/UnitreeGo2/sdk_ws/install/unitree_api/share/unitree_api/cmake/ament_cmake_export_libraries-extras.cmake
[22.787s] -- Symlinking: /home/ubuntu/Projects/UnitreeGo2/sdk_ws/install/unitree_api/share/unitree_api/cmake/ament_cmake_export_targets-extras.cmake
[22.798s] -- Symlinking: /home/ubuntu/Projects/UnitreeGo2/sdk_ws/install/unitree_api/share/unitree_api/cmake/rosidl_cmake_export_typesupport_targets-extras.cmake
[22.805s] -- Symlinking: /home/ubuntu/Projects/UnitreeGo2/sdk_ws/install/unitree_api/share/unitree_api/cmake/rosidl_cmake_export_typesupport_libraries-extras.cmake
[22.822s] -- Symlinking: /home/ubuntu/Projects/UnitreeGo2/sdk_ws/install/unitree_api/share/unitree_api/cmake/unitree_apiConfig.cmake
[22.852s] -- Symlinking: /home/ubuntu/Projects/UnitreeGo2/sdk_ws/install/unitree_api/share/unitree_api/cmake/unitree_apiConfig-version.cmake
[22.861s] -- Symlinking: /home/ubuntu/Projects/UnitreeGo2/sdk_ws/install/unitree_api/share/unitree_api/package.xml
[22.872s] -- Installing: /home/ubuntu/Projects/UnitreeGo2/sdk_ws/install/unitree_api/lib/libunitree_api__rosidl_generator_c.so
[22.872s] -- Set non-toolchain portion of runtime path of "/home/ubuntu/Projects/UnitreeGo2/sdk_ws/install/unitree_api/lib/libunitree_api__rosidl_generator_c.so" to ""
[22.872s] -- Installing: /home/ubuntu/Projects/UnitreeGo2/sdk_ws/install/unitree_api/lib/libunitree_api__rosidl_typesupport_fastrtps_c.so
[22.872s] -- Set non-toolchain portion of runtime path of "/home/ubuntu/Projects/UnitreeGo2/sdk_ws/install/unitree_api/lib/libunitree_api__rosidl_typesupport_fastrtps_c.so" to ""
[22.873s] -- Installing: /home/ubuntu/Projects/UnitreeGo2/sdk_ws/install/unitree_api/lib/libunitree_api__rosidl_typesupport_fastrtps_cpp.so
[22.874s] -- Set non-toolchain portion of runtime path of "/home/ubuntu/Projects/UnitreeGo2/sdk_ws/install/unitree_api/lib/libunitree_api__rosidl_typesupport_fastrtps_cpp.so" to ""
[22.875s] -- Installing: /home/ubuntu/Projects/UnitreeGo2/sdk_ws/install/unitree_api/lib/libunitree_api__rosidl_typesupport_introspection_c.so
[22.876s] -- Set non-toolchain portion of runtime path of "/home/ubuntu/Projects/UnitreeGo2/sdk_ws/install/unitree_api/lib/libunitree_api__rosidl_typesupport_introspection_c.so" to ""
[22.877s] -- Installing: /home/ubuntu/Projects/UnitreeGo2/sdk_ws/install/unitree_api/lib/libunitree_api__rosidl_typesupport_c.so
[22.878s] -- Set non-toolchain portion of runtime path of "/home/ubuntu/Projects/UnitreeGo2/sdk_ws/install/unitree_api/lib/libunitree_api__rosidl_typesupport_c.so" to ""
[22.878s] -- Installing: /home/ubuntu/Projects/UnitreeGo2/sdk_ws/install/unitree_api/lib/libunitree_api__rosidl_typesupport_introspection_cpp.so
[22.881s] -- Set non-toolchain portion of runtime path of "/home/ubuntu/Projects/UnitreeGo2/sdk_ws/install/unitree_api/lib/libunitree_api__rosidl_typesupport_introspection_cpp.so" to ""
[22.881s] -- Installing: /home/ubuntu/Projects/UnitreeGo2/sdk_ws/install/unitree_api/lib/libunitree_api__rosidl_typesupport_cpp.so
[22.881s] -- Set non-toolchain portion of runtime path of "/home/ubuntu/Projects/UnitreeGo2/sdk_ws/install/unitree_api/lib/libunitree_api__rosidl_typesupport_cpp.so" to ""
[23.019s] Listing '/home/ubuntu/Projects/UnitreeGo2/sdk_ws/install/unitree_api/local/lib/python3.10/dist-packages/unitree_api'...
[23.019s] Compiling '/home/ubuntu/Projects/UnitreeGo2/sdk_ws/install/unitree_api/local/lib/python3.10/dist-packages/unitree_api/__init__.py'...
[23.019s] Listing '/home/ubuntu/Projects/UnitreeGo2/sdk_ws/install/unitree_api/local/lib/python3.10/dist-packages/unitree_api/msg'...
[23.020s] Compiling '/home/ubuntu/Projects/UnitreeGo2/sdk_ws/install/unitree_api/local/lib/python3.10/dist-packages/unitree_api/msg/__init__.py'...
[23.020s] Compiling '/home/ubuntu/Projects/UnitreeGo2/sdk_ws/install/unitree_api/local/lib/python3.10/dist-packages/unitree_api/msg/_request.py'...
[23.020s] Compiling '/home/ubuntu/Projects/UnitreeGo2/sdk_ws/install/unitree_api/local/lib/python3.10/dist-packages/unitree_api/msg/_request_header.py'...
[23.020s] Compiling '/home/ubuntu/Projects/UnitreeGo2/sdk_ws/install/unitree_api/local/lib/python3.10/dist-packages/unitree_api/msg/_request_identity.py'...
[23.020s] Compiling '/home/ubuntu/Projects/UnitreeGo2/sdk_ws/install/unitree_api/local/lib/python3.10/dist-packages/unitree_api/msg/_request_lease.py'...
[23.020s] Compiling '/home/ubuntu/Projects/UnitreeGo2/sdk_ws/install/unitree_api/local/lib/python3.10/dist-packages/unitree_api/msg/_request_policy.py'...
[23.023s] Compiling '/home/ubuntu/Projects/UnitreeGo2/sdk_ws/install/unitree_api/local/lib/python3.10/dist-packages/unitree_api/msg/_response.py'...
[23.024s] Compiling '/home/ubuntu/Projects/UnitreeGo2/sdk_ws/install/unitree_api/local/lib/python3.10/dist-packages/unitree_api/msg/_response_header.py'...
[23.024s] Compiling '/home/ubuntu/Projects/UnitreeGo2/sdk_ws/install/unitree_api/local/lib/python3.10/dist-packages/unitree_api/msg/_response_status.py'...
[23.039s] -- Installing: /home/ubuntu/Projects/UnitreeGo2/sdk_ws/install/unitree_api/lib/libunitree_api__rosidl_generator_py.so
[23.045s] -- Set non-toolchain portion of runtime path of "/home/ubuntu/Projects/UnitreeGo2/sdk_ws/install/unitree_api/lib/libunitree_api__rosidl_generator_py.so" to ""
[23.045s] -- Installing: /home/ubuntu/Projects/UnitreeGo2/sdk_ws/install/unitree_api/share/unitree_api/cmake/export_unitree_api__rosidl_generator_cExport.cmake
[23.045s] -- Installing: /home/ubuntu/Projects/UnitreeGo2/sdk_ws/install/unitree_api/share/unitree_api/cmake/export_unitree_api__rosidl_generator_cExport-noconfig.cmake
[23.045s] -- Installing: /home/ubuntu/Projects/UnitreeGo2/sdk_ws/install/unitree_api/share/unitree_api/cmake/export_unitree_api__rosidl_typesupport_fastrtps_cExport.cmake
[23.046s] -- Installing: /home/ubuntu/Projects/UnitreeGo2/sdk_ws/install/unitree_api/share/unitree_api/cmake/export_unitree_api__rosidl_typesupport_fastrtps_cExport-noconfig.cmake
[23.049s] -- Installing: /home/ubuntu/Projects/UnitreeGo2/sdk_ws/install/unitree_api/share/unitree_api/cmake/export_unitree_api__rosidl_generator_cppExport.cmake
[23.057s] -- Installing: /home/ubuntu/Projects/UnitreeGo2/sdk_ws/install/unitree_api/share/unitree_api/cmake/export_unitree_api__rosidl_typesupport_fastrtps_cppExport.cmake
[23.065s] -- Installing: /home/ubuntu/Projects/UnitreeGo2/sdk_ws/install/unitree_api/share/unitree_api/cmake/export_unitree_api__rosidl_typesupport_fastrtps_cppExport-noconfig.cmake
[23.066s] -- Installing: /home/ubuntu/Projects/UnitreeGo2/sdk_ws/install/unitree_api/share/unitree_api/cmake/unitree_api__rosidl_typesupport_introspection_cExport.cmake
[23.066s] -- Installing: /home/ubuntu/Projects/UnitreeGo2/sdk_ws/install/unitree_api/share/unitree_api/cmake/unitree_api__rosidl_typesupport_introspection_cExport-noconfig.cmake
[23.068s] -- Installing: /home/ubuntu/Projects/UnitreeGo2/sdk_ws/install/unitree_api/share/unitree_api/cmake/unitree_api__rosidl_typesupport_cExport.cmake
[23.069s] -- Installing: /home/ubuntu/Projects/UnitreeGo2/sdk_ws/install/unitree_api/share/unitree_api/cmake/unitree_api__rosidl_typesupport_cExport-noconfig.cmake
[23.069s] -- Installing: /home/ubuntu/Projects/UnitreeGo2/sdk_ws/install/unitree_api/share/unitree_api/cmake/unitree_api__rosidl_typesupport_introspection_cppExport.cmake
[23.069s] -- Installing: /home/ubuntu/Projects/UnitreeGo2/sdk_ws/install/unitree_api/share/unitree_api/cmake/unitree_api__rosidl_typesupport_introspection_cppExport-noconfig.cmake
[23.070s] -- Installing: /home/ubuntu/Projects/UnitreeGo2/sdk_ws/install/unitree_api/share/unitree_api/cmake/unitree_api__rosidl_typesupport_cppExport.cmake
[23.074s] -- Installing: /home/ubuntu/Projects/UnitreeGo2/sdk_ws/install/unitree_api/share/unitree_api/cmake/unitree_api__rosidl_typesupport_cppExport-noconfig.cmake
[23.074s] -- Installing: /home/ubuntu/Projects/UnitreeGo2/sdk_ws/install/unitree_api/share/unitree_api/cmake/export_unitree_api__rosidl_generator_pyExport.cmake
[23.074s] -- Installing: /home/ubuntu/Projects/UnitreeGo2/sdk_ws/install/unitree_api/share/unitree_api/cmake/export_unitree_api__rosidl_generator_pyExport-noconfig.cmake
[23.074s] Invoked command in '/home/ubuntu/Projects/UnitreeGo2/sdk_ws/build/unitree_api' returned '0': CMAKE_PREFIX_PATH=${CMAKE_PREFIX_PATH}:/home/ubuntu/Projects/UnitreeGo2/ros2_ws/install/go2_robot_sdk:/home/ubuntu/Projects/UnitreeGo2/ros2_ws/install/unitree_go:/home/ubuntu/Projects/UnitreeGo2/ros2_ws/install/unitree_api:/home/ubuntu/Projects/UnitreeGo2/ros2_ws/install/pointcloud2_aggregator:/home/ubuntu/Projects/UnitreeGo2/ros2_ws/install/go2_stair_zone_filter:/home/ubuntu/Projects/UnitreeGo2/ros2_ws/install/go2_interfaces:/opt/ros/humble /home/ubuntu/.local/bin/cmake --install /home/ubuntu/Projects/UnitreeGo2/sdk_ws/build/unitree_api
